#
# There is insufficient memory for the Java Runtime Environment to continue.
# Native memory allocation (mmap) failed to map 59768832 bytes for committing reserved memory.
# Possible reasons:
#   The system is out of physical RAM or swap space
#   In 32 bit mode, the process size limit was hit
# Possible solutions:
#   Reduce memory load on the system
#   Increase physical memory or swap space
#   Check if swap backing store is full
#   Use 64 bit Java on a 64 bit OS
#   Decrease Java heap size (-Xmx/-Xms)
#   Decrease number of Java threads
#   Decrease Java thread stack sizes (-Xss)
#   Set larger code cache with -XX:ReservedCodeCacheSize=
# This output file may be truncated or incomplete.
#
#  Out of Memory Error (os_linux.cpp:2627), pid=12106, tid=0x00007feb84cfc700
#
# JRE version: OpenJDK Runtime Environment (8.0_76-b03) (build 1.8.0_76-release-b03)
# Java VM: OpenJDK 64-Bit Server VM (25.76-b03 mixed mode linux-amd64 compressed oops)
# Failed to write core dump. Core dumps have been disabled. To enable core dumping, try "ulimit -c unlimited" before starting Java again
#

---------------  T H R E A D  ---------------

Current thread (0x00007feb94077800):  VMThread [stack: 0x00007feb84bfc000,0x00007feb84cfd000] [id=12114]

Stack: [0x00007feb84bfc000,0x00007feb84cfd000],  sp=0x00007feb84cfb4a0,  free space=1021k
Native frames: (J=compiled Java code, j=interpreted, Vv=VM code, C=native code)
V  [libjvm.so+0x9d9fcd]  VMError::report_and_die()+0x15d
V  [libjvm.so+0x4b4d4a]  report_vm_out_of_memory(char const*, int, unsigned long, VMErrorType, char const*)+0x8a
V  [libjvm.so+0x845190]  os::pd_commit_memory(char*, unsigned long, unsigned long, bool)+0xf0
V  [libjvm.so+0x83fcbf]  os::commit_memory(char*, unsigned long, unsigned long, bool)+0x1f
V  [libjvm.so+0x8b4d9b]  PSVirtualSpace::expand_by(unsigned long)+0x5b
V  [libjvm.so+0x8b5a10]  PSYoungGen::resize_generation(unsigned long, unsigned long)+0xb0
V  [libjvm.so+0x8b5d2b]  PSYoungGen::resize(unsigned long, unsigned long)+0x1b
V  [libjvm.so+0x8b241c]  PSScavenge::invoke_no_policy()+0xdac
V  [libjvm.so+0x8abf20]  PSParallelCompact::invoke(bool)+0x40
V  [libjvm.so+0x4451e3]  CollectedHeap::collect_as_vm_thread(GCCause::Cause)+0x143
V  [libjvm.so+0x9db401]  VM_CollectForMetadataAllocation::doit()+0x141
V  [libjvm.so+0x9dfe47]  VM_Operation::evaluate()+0x47
V  [libjvm.so+0x9de908]  VMThread::evaluate_operation(VM_Operation*)+0x2c8
V  [libjvm.so+0x9ded89]  VMThread::loop()+0x219
V  [libjvm.so+0x9df1d2]  VMThread::run()+0x72
V  [libjvm.so+0x8425b2]  java_start(Thread*)+0xf2

VM_Operation (0x00007feb487e6a20): CollectForMetadataAllocation, mode: safepoint, requested by thread 0x00007feb40009800


---------------  P R O C E S S  ---------------

Java Threads: ( => current thread )
  0x00007feb2c008000 JavaThread "Asynchronous log dispatcher for org.gradle.launcher.daemon.server.DefaultDaemonConnection@15f51dbb" [_thread_blocked, id=12132, stack(0x00007feb485ef000,0x00007feb486f0000)]
  0x00007feb40009800 JavaThread "Daemon worker" [_thread_blocked, id=12129, stack(0x00007feb486f0000,0x00007feb487f1000)]
  0x00007feb40008000 JavaThread "Cancel handler" [_thread_blocked, id=12128, stack(0x00007feb487f1000,0x00007feb488f2000)]
  0x00007feb40003800 JavaThread "Handler for socket connection from /127.0.0.1:36387 to /127.0.0.1:47258" [_thread_in_native, id=12127, stack(0x00007feb488f2000,0x00007feb489f3000)]
  0x00007feb4403b000 JavaThread "Daemon" [_thread_blocked, id=12126, stack(0x00007feb489f3000,0x00007feb48af4000)]
  0x00007feb94b54800 JavaThread "pool-1-thread-1" [_thread_blocked, id=12125, stack(0x00007feb48cf4000,0x00007feb48df5000)]
  0x00007feb94b25000 JavaThread "Incoming local TCP Connector on port 36387" [_thread_in_native, id=12124, stack(0x00007feb740c2000,0x00007feb741c3000)]
  0x00007feb940c8000 JavaThread "Service Thread" daemon [_thread_blocked, id=12121, stack(0x00007feb8421d000,0x00007feb8431e000)]
  0x00007feb940bd000 JavaThread "C1 CompilerThread2" daemon [_thread_blocked, id=12120, stack(0x00007feb8431e000,0x00007feb8441f000)]
  0x00007feb940bb000 JavaThread "C2 CompilerThread1" daemon [_thread_blocked, id=12119, stack(0x00007feb8441f000,0x00007feb84520000)]
  0x00007feb940b8000 JavaThread "C2 CompilerThread0" daemon [_thread_blocked, id=12118, stack(0x00007feb84520000,0x00007feb84621000)]
  0x00007feb940b6800 JavaThread "Signal Dispatcher" daemon [_thread_blocked, id=12117, stack(0x00007feb84621000,0x00007feb84722000)]
  0x00007feb94083800 JavaThread "Finalizer" daemon [_thread_blocked, id=12116, stack(0x00007feb849fa000,0x00007feb84afb000)]
  0x00007feb9407f000 JavaThread "Reference Handler" daemon [_thread_blocked, id=12115, stack(0x00007feb84afb000,0x00007feb84bfc000)]
  0x00007feb9400a000 JavaThread "main" [_thread_blocked, id=12109, stack(0x00007feb9d4e1000,0x00007feb9d5e2000)]

Other Threads:
=>0x00007feb94077800 VMThread [stack: 0x00007feb84bfc000,0x00007feb84cfd000] [id=12114]
  0x00007feb940ca800 WatcherThread [stack: 0x00007feb8411c000,0x00007feb8421d000] [id=12122]

VM state:at safepoint (normal execution)

VM Mutex/Monitor currently owned by a thread:  ([mutex/lock_event])
[0x00007feb940063d0] Threads_lock - owner thread: 0x00007feb94077800
[0x00007feb940068d0] Heap_lock - owner thread: 0x00007feb40009800

Heap:
 PSYoungGen      total 69632K, used 5315K [0x00000000e0000000, 0x00000000e4e00000, 0x0000000100000000)
  eden space 60416K, 0% used [0x00000000e0000000,0x00000000e0000000,0x00000000e3b00000)
  from space 9216K, 57% used [0x00000000e3b00000,0x00000000e4030ff0,0x00000000e4400000)
  to   space 8192K, 0% used [0x00000000e4400000,0x00000000e4400000,0x00000000e4c00000)
 ParOldGen       total 40960K, used 9619K [0x00000000a0000000, 0x00000000a2800000, 0x00000000e0000000)
  object space 40960K, 23% used [0x00000000a0000000,0x00000000a0964ee8,0x00000000a2800000)
 Metaspace       used 20898K, capacity 21210K, committed 21296K, reserved 1067008K
  class space    used 2796K, capacity 2917K, committed 2944K, reserved 1048576K

Card table byte_map: [0x00007feb9a089000,0x00007feb9a38a000] byte_map_base: 0x00007feb99b89000

Marking Bits: (ParMarkBitMap*) 0x00007feb9c9bb1a0
 Begin Bits: [0x00007feb75000000, 0x00007feb76800000)
 End Bits:   [0x00007feb76800000, 0x00007feb78000000)

Polling page: 0x00007feb9d60c000

CodeCache: size=245760Kb used=6804Kb max_used=6815Kb free=238955Kb
 bounds [0x00007feb85000000, 0x00007feb856b0000, 0x00007feb94000000]
 total_blobs=2289 nmethods=1686 adapters=517
 compilation: enabled

Compilation events (10 events):
Event: 71.387 Thread 0x00007feb940bd000 nmethod 1698 0x00007feb8568a910 code [0x00007feb8568aa60, 0x00007feb8568ab70]
Event: 71.389 Thread 0x00007feb940bd000 1699       3       java.util.Hashtable$Enumerator::hasNext (5 bytes)
Event: 71.390 Thread 0x00007feb940bd000 nmethod 1699 0x00007feb8568a550 code [0x00007feb8568a6c0, 0x00007feb8568a868]
Event: 71.391 Thread 0x00007feb940bd000 1700       3       java.util.Hashtable$Enumerator::nextElement (111 bytes)
Event: 71.392 Thread 0x00007feb940bd000 nmethod 1700 0x00007feb85689d50 code [0x00007feb85689ee0, 0x00007feb8568a348]
Event: 71.393 Thread 0x00007feb940bd000 1701       3       java.util.Hashtable$Enumerator::next (27 bytes)
Event: 71.393 Thread 0x00007feb940bd000 nmethod 1701 0x00007feb856897d0 code [0x00007feb85689960, 0x00007feb85689bf8]
Event: 71.407 Thread 0x00007feb940bd000 1702  s    3       java.io.ByteArrayInputStream::read (101 bytes)
Event: 71.408 Thread 0x00007feb940bd000 nmethod 1702 0x00007feb8565e490 code [0x00007feb8565e640, 0x00007feb8565ed88]
Event: 71.568 Thread 0x00007feb940bb000 1703   !   4       java.util.zip.InflaterInputStream::read (138 bytes)

GC Heap History (10 events):
Event: 1.355 GC heap after
Heap after GC invocations=2 (full 0):
 PSYoungGen      total 17920K, used 1932K [0x00000000e0000000, 0x00000000e2300000, 0x0000000100000000)
  eden space 15360K, 0% used [0x00000000e0000000,0x00000000e0000000,0x00000000e0f00000)
  from space 2560K, 75% used [0x00000000e1180000,0x00000000e1363100,0x00000000e1400000)
  to   space 2560K, 0% used [0x00000000e0f00000,0x00000000e0f00000,0x00000000e1180000)
 ParOldGen       total 40960K, used 410K [0x00000000a0000000, 0x00000000a2800000, 0x00000000e0000000)
  object space 40960K, 1% used [0x00000000a0000000,0x00000000a0066938,0x00000000a2800000)
 Metaspace       used 5982K, capacity 6320K, committed 6528K, reserved 1056768K
  class space    used 752K, capacity 832K, committed 896K, reserved 1048576K
}
Event: 1.732 GC heap before
{Heap before GC invocations=3 (full 0):
 PSYoungGen      total 17920K, used 17292K [0x00000000e0000000, 0x00000000e2300000, 0x0000000100000000)
  eden space 15360K, 100% used [0x00000000e0000000,0x00000000e0f00000,0x00000000e0f00000)
  from space 2560K, 75% used [0x00000000e1180000,0x00000000e1363100,0x00000000e1400000)
  to   space 2560K, 0% used [0x00000000e0f00000,0x00000000e0f00000,0x00000000e1180000)
 ParOldGen       total 40960K, used 410K [0x00000000a0000000, 0x00000000a2800000, 0x00000000e0000000)
  object space 40960K, 1% used [0x00000000a0000000,0x00000000a0066938,0x00000000a2800000)
 Metaspace       used 9266K, capacity 9526K, committed 9856K, reserved 1058816K
  class space    used 1209K, capacity 1301K, committed 1408K, reserved 1048576K
Event: 1.736 GC heap after
Heap after GC invocations=3 (full 0):
 PSYoungGen      total 17920K, used 2528K [0x00000000e0000000, 0x00000000e2300000, 0x0000000100000000)
  eden space 15360K, 0% used [0x00000000e0000000,0x00000000e0000000,0x00000000e0f00000)
  from space 2560K, 98% used [0x00000000e0f00000,0x00000000e1178020,0x00000000e1180000)
  to   space 2560K, 0% used [0x00000000e2080000,0x00000000e2080000,0x00000000e2300000)
 ParOldGen       total 40960K, used 1666K [0x00000000a0000000, 0x00000000a2800000, 0x00000000e0000000)
  object space 40960K, 4% used [0x00000000a0000000,0x00000000a01a0998,0x00000000a2800000)
 Metaspace       used 9266K, capacity 9526K, committed 9856K, reserved 1058816K
  class space    used 1209K, capacity 1301K, committed 1408K, reserved 1048576K
}
Event: 1.960 GC heap before
{Heap before GC invocations=4 (full 0):
 PSYoungGen      total 17920K, used 17888K [0x00000000e0000000, 0x00000000e2300000, 0x0000000100000000)
  eden space 15360K, 100% used [0x00000000e0000000,0x00000000e0f00000,0x00000000e0f00000)
  from space 2560K, 98% used [0x00000000e0f00000,0x00000000e1178020,0x00000000e1180000)
  to   space 2560K, 0% used [0x00000000e2080000,0x00000000e2080000,0x00000000e2300000)
 ParOldGen       total 40960K, used 1666K [0x00000000a0000000, 0x00000000a2800000, 0x00000000e0000000)
  object space 40960K, 4% used [0x00000000a0000000,0x00000000a01a0998,0x00000000a2800000)
 Metaspace       used 10885K, capacity 11212K, committed 11392K, reserved 1058816K
  class space    used 1486K, capacity 1582K, committed 1664K, reserved 1048576K
Event: 1.978 GC heap after
Heap after GC invocations=4 (full 0):
 PSYoungGen      total 33280K, used 2528K [0x00000000e0000000, 0x00000000e2300000, 0x0000000100000000)
  eden space 30720K, 0% used [0x00000000e0000000,0x00000000e0000000,0x00000000e1e00000)
  from space 2560K, 98% used [0x00000000e2080000,0x00000000e22f8010,0x00000000e2300000)
  to   space 2560K, 0% used [0x00000000e1e00000,0x00000000e1e00000,0x00000000e2080000)
 ParOldGen       total 40960K, used 3388K [0x00000000a0000000, 0x00000000a2800000, 0x00000000e0000000)
  object space 40960K, 8% used [0x00000000a0000000,0x00000000a034f370,0x00000000a2800000)
 Metaspace       used 10885K, capacity 11212K, committed 11392K, reserved 1058816K
  class space    used 1486K, capacity 1582K, committed 1664K, reserved 1048576K
}
Event: 2.794 GC heap before
{Heap before GC invocations=5 (full 0):
 PSYoungGen      total 33280K, used 33248K [0x00000000e0000000, 0x00000000e2300000, 0x0000000100000000)
  eden space 30720K, 100% used [0x00000000e0000000,0x00000000e1e00000,0x00000000e1e00000)
  from space 2560K, 98% used [0x00000000e2080000,0x00000000e22f8010,0x00000000e2300000)
  to   space 2560K, 0% used [0x00000000e1e00000,0x00000000e1e00000,0x00000000e2080000)
 ParOldGen       total 40960K, used 3388K [0x00000000a0000000, 0x00000000a2800000, 0x00000000e0000000)
  object space 40960K, 8% used [0x00000000a0000000,0x00000000a034f370,0x00000000a2800000)
 Metaspace       used 16758K, capacity 17060K, committed 17280K, reserved 1064960K
  class space    used 2260K, capacity 2354K, committed 2432K, reserved 1048576K
Event: 2.828 GC heap after
Heap after GC invocations=5 (full 0):
 PSYoungGen      total 33280K, used 2544K [0x00000000e0000000, 0x00000000e4c00000, 0x0000000100000000)
  eden space 30720K, 0% used [0x00000000e0000000,0x00000000e0000000,0x00000000e1e00000)
  from space 2560K, 99% used [0x00000000e1e00000,0x00000000e207c020,0x00000000e2080000)
  to   space 8192K, 0% used [0x00000000e4400000,0x00000000e4400000,0x00000000e4c00000)
 ParOldGen       total 40960K, used 9195K [0x00000000a0000000, 0x00000000a2800000, 0x00000000e0000000)
  object space 40960K, 22% used [0x00000000a0000000,0x00000000a08faee8,0x00000000a2800000)
 Metaspace       used 16758K, capacity 17060K, committed 17280K, reserved 1064960K
  class space    used 2260K, capacity 2354K, committed 2432K, reserved 1048576K
}
Event: 4.864 GC heap before
{Heap before GC invocations=6 (full 0):
 PSYoungGen      total 33280K, used 33264K [0x00000000e0000000, 0x00000000e4c00000, 0x0000000100000000)
  eden space 30720K, 100% used [0x00000000e0000000,0x00000000e1e00000,0x00000000e1e00000)
  from space 2560K, 99% used [0x00000000e1e00000,0x00000000e207c020,0x00000000e2080000)
  to   space 8192K, 0% used [0x00000000e4400000,0x00000000e4400000,0x00000000e4c00000)
 ParOldGen       total 40960K, used 9195K [0x00000000a0000000, 0x00000000a2800000, 0x00000000e0000000)
  object space 40960K, 22% used [0x00000000a0000000,0x00000000a08faee8,0x00000000a2800000)
 Metaspace       used 19893K, capacity 20180K, committed 20480K, reserved 1067008K
  class space    used 2646K, capacity 2749K, committed 2816K, reserved 1048576K
Event: 5.004 GC heap after
Heap after GC invocations=6 (full 0):
 PSYoungGen      total 68608K, used 6446K [0x00000000e0000000, 0x00000000e4e00000, 0x0000000100000000)
  eden space 60416K, 0% used [0x00000000e0000000,0x00000000e0000000,0x00000000e3b00000)
  from space 8192K, 78% used [0x00000000e4400000,0x00000000e4a4b9e8,0x00000000e4c00000)
  to   space 9216K, 0% used [0x00000000e3b00000,0x00000000e3b00000,0x00000000e4400000)
 ParOldGen       total 40960K, used 9195K [0x00000000a0000000, 0x00000000a2800000, 0x00000000e0000000)
  object space 40960K, 22% used [0x00000000a0000000,0x00000000a08faee8,0x00000000a2800000)
 Metaspace       used 19893K, capacity 20180K, committed 20480K, reserved 1067008K
  class space    used 2646K, capacity 2749K, committed 2816K, reserved 1048576K
}
Event: 71.763 GC heap before
{Heap before GC invocations=7 (full 0):
 PSYoungGen      total 68608K, used 19045K [0x00000000e0000000, 0x00000000e4e00000, 0x0000000100000000)
  eden space 60416K, 20% used [0x00000000e0000000,0x00000000e0c4ddf8,0x00000000e3b00000)
  from space 8192K, 78% used [0x00000000e4400000,0x00000000e4a4b9e8,0x00000000e4c00000)
  to   space 9216K, 0% used [0x00000000e3b00000,0x00000000e3b00000,0x00000000e4400000)
 ParOldGen       total 40960K, used 9195K [0x00000000a0000000, 0x00000000a2800000, 0x00000000e0000000)
  object space 40960K, 22% used [0x00000000a0000000,0x00000000a08faee8,0x00000000a2800000)
 Metaspace       used 20898K, capacity 21210K, committed 21296K, reserved 1067008K
  class space    used 2796K, capacity 2917K, committed 2944K, reserved 1048576K

Deoptimization events (10 events):
Event: 3.098 Thread 0x00007feb40009800 Uncommon trap: reason=class_check action=maybe_recompile pc=0x00007feb8539f9c0 method=sun.misc.URLClassPath.getLoader(I)Lsun/misc/URLClassPath$Loader; @ 193
Event: 3.310 Thread 0x00007feb40009800 Uncommon trap: reason=class_check action=maybe_recompile pc=0x00007feb8539d700 method=sun.misc.URLClassPath.getLoader(I)Lsun/misc/URLClassPath$Loader; @ 94
Event: 4.214 Thread 0x00007feb40009800 Uncommon trap: reason=class_check action=maybe_recompile pc=0x00007feb853ac804 method=java.lang.reflect.Method.equals(Ljava/lang/Object;)Z @ 5
Event: 4.319 Thread 0x00007feb40009800 Uncommon trap: reason=class_check action=maybe_recompile pc=0x00007feb853ac804 method=java.lang.reflect.Method.equals(Ljava/lang/Object;)Z @ 5
Event: 5.846 Thread 0x00007feb40009800 Uncommon trap: reason=unstable_if action=reinterpret pc=0x00007feb852b9c74 method=java.util.LinkedHashMap.afterNodeInsertion(Z)V @ 1
Event: 6.021 Thread 0x00007feb40009800 Uncommon trap: reason=class_check action=maybe_recompile pc=0x00007feb853ac804 method=java.lang.reflect.Method.equals(Ljava/lang/Object;)Z @ 5
Event: 6.023 Thread 0x00007feb40009800 Uncommon trap: reason=class_check action=maybe_recompile pc=0x00007feb853ac804 method=java.lang.reflect.Method.equals(Ljava/lang/Object;)Z @ 5
Event: 6.354 Thread 0x00007feb40009800 Uncommon trap: reason=unstable_if action=reinterpret pc=0x00007feb8536887c method=java.lang.ref.ReferenceQueue.poll()Ljava/lang/ref/Reference; @ 4
Event: 10.918 Thread 0x00007feb40009800 Uncommon trap: reason=unstable_if action=reinterpret pc=0x00007feb85643618 method=java.net.URLClassLoader.isSealed(Ljava/lang/String;Ljava/util/jar/Manifest;)Z @ 26
Event: 11.030 Thread 0x00007feb40009800 Uncommon trap: reason=unstable_if action=reinterpret pc=0x00007feb8566e59c method=java.net.URLClassLoader.isSealed(Ljava/lang/String;Ljava/util/jar/Manifest;)Z @ 26

Internal exceptions (10 events):
Event: 6.339 Thread 0x00007feb40009800 Exception <a 'java/lang/ClassNotFoundException': org/gradle/api/internal/project/DefaultProject_DecoratedBeanInfo> (0x00000000e04510d8) thrown at [/ssd/Android/AOSP-openjdk/external/jetbrains/jdk/hotspot/src/share/vm/classfile/systemDictionary.cpp, line 2
Event: 6.340 Thread 0x00007feb40009800 Exception <a 'java/lang/ClassNotFoundException': org/gradle/api/internal/project/DefaultProjectBeanInfo> (0x00000000e04603a8) thrown at [/ssd/Android/AOSP-openjdk/external/jetbrains/jdk/hotspot/src/share/vm/classfile/systemDictionary.cpp, line 210]
Event: 6.340 Thread 0x00007feb40009800 Exception <a 'java/lang/ClassNotFoundException': org/gradle/api/internal/project/AbstractProjectBeanInfo> (0x00000000e046f9d8) thrown at [/ssd/Android/AOSP-openjdk/external/jetbrains/jdk/hotspot/src/share/vm/classfile/systemDictionary.cpp, line 210]
Event: 6.341 Thread 0x00007feb40009800 Exception <a 'java/lang/ClassNotFoundException': org/gradle/api/internal/project/AbstractProjectCustomizer> (0x00000000e047f3a8) thrown at [/ssd/Android/AOSP-openjdk/external/jetbrains/jdk/hotspot/src/share/vm/classfile/systemDictionary.cpp, line 210]
Event: 6.429 Thread 0x00007feb40009800 Exception <a 'java/lang/ClassNotFoundException': org/gradle/api/internal/project/DefaultProjectCustomizer> (0x00000000e05355c0) thrown at [/ssd/Android/AOSP-openjdk/external/jetbrains/jdk/hotspot/src/share/vm/classfile/systemDictionary.cpp, line 210]
Event: 6.433 Thread 0x00007feb40009800 Exception <a 'java/lang/ClassNotFoundException': org/gradle/api/internal/project/DefaultProject_DecoratedCustomizer> (0x00000000e055ad30) thrown at [/ssd/Android/AOSP-openjdk/external/jetbrains/jdk/hotspot/src/share/vm/classfile/systemDictionary.cpp, line
Event: 11.323 Thread 0x00007feb40009800 Exception <a 'java/lang/ClassNotFoundException': org/gradle/internal/metaobject/ConfigureDelegateBeanInfo> (0x00000000e0645750) thrown at [/ssd/Android/AOSP-openjdk/external/jetbrains/jdk/hotspot/src/share/vm/classfile/systemDictionary.cpp, line 210]
Event: 11.324 Thread 0x00007feb40009800 Exception <a 'java/lang/ClassNotFoundException': org/gradle/internal/metaobject/ConfigureDelegateCustomizer> (0x00000000e0655108) thrown at [/ssd/Android/AOSP-openjdk/external/jetbrains/jdk/hotspot/src/share/vm/classfile/systemDictionary.cpp, line 210]
Event: 11.366 Thread 0x00007feb40009800 Exception <a 'java/lang/ClassNotFoundException': org/gradle/api/internal/initialization/DefaultScriptHandlerBeanInfo> (0x00000000e06969f8) thrown at [/ssd/Android/AOSP-openjdk/external/jetbrains/jdk/hotspot/src/share/vm/classfile/systemDictionary.cpp, lin
Event: 11.380 Thread 0x00007feb40009800 Exception <a 'java/lang/ClassNotFoundException': org/gradle/api/internal/initialization/DefaultScriptHandlerCustomizer> (0x00000000e06a9428) thrown at [/ssd/Android/AOSP-openjdk/external/jetbrains/jdk/hotspot/src/share/vm/classfile/systemDictionary.cpp, l

Events (10 events):
Event: 71.729 loading class java/lang/invoke/MethodType$ConcurrentWeakInternSet done
Event: 71.731 loading class java/lang/invoke/MethodTypeForm
Event: 71.736 loading class java/lang/invoke/MethodTypeForm done
Event: 71.736 loading class java/lang/invoke/Invokers
Event: 71.738 loading class java/lang/invoke/Invokers done
Event: 71.738 loading class java/lang/invoke/MethodType$ConcurrentWeakInternSet$WeakEntry
Event: 71.741 loading class java/lang/invoke/MethodType$ConcurrentWeakInternSet$WeakEntry done
Event: 71.742 loading class java/lang/invoke/MethodHandles
Event: 71.746 loading class java/lang/invoke/MethodHandles done
Event: 71.759 Executing VM operation: CollectForMetadataAllocation


Dynamic libraries:
00400000-00401000 r-xp 00000000 08:02 4849939                            /home/rurikari/android-studio/jre/bin/java
00600000-00601000 r--p 00000000 08:02 4849939                            /home/rurikari/android-studio/jre/bin/java
00601000-00602000 rw-p 00001000 08:02 4849939                            /home/rurikari/android-studio/jre/bin/java
02601000-02622000 rw-p 00000000 00:00 0                                  [heap]
a0000000-a2800000 rw-p 00000000 00:00 0 
a2800000-e0000000 ---p 00000000 00:00 0 
e0000000-e4e00000 rw-p 00000000 00:00 0 
e8700000-100000000 ---p 00000000 00:00 0 
100000000-1002e0000 rw-p 00000000 00:00 0 
1002e0000-140000000 ---p 00000000 00:00 0 
7feb24000000-7feb24021000 rw-p 00000000 00:00 0 
7feb24021000-7feb28000000 ---p 00000000 00:00 0 
7feb2bc00000-7feb2bdec000 rw-p 00000000 00:00 0 
7feb2bdec000-7feb2be00000 ---p 00000000 00:00 0 
7feb2be00000-7feb2c000000 rw-p 00000000 00:00 0 
7feb2c000000-7feb2d08a000 rw-p 00000000 00:00 0 
7feb2d08a000-7feb30000000 ---p 00000000 00:00 0 
7feb30000000-7feb30021000 rw-p 00000000 00:00 0 
7feb30021000-7feb34000000 ---p 00000000 00:00 0 
7feb34000000-7feb34021000 rw-p 00000000 00:00 0 
7feb34021000-7feb38000000 ---p 00000000 00:00 0 
7feb38000000-7feb38021000 rw-p 00000000 00:00 0 
7feb38021000-7feb3c000000 ---p 00000000 00:00 0 
7feb3c000000-7feb3c021000 rw-p 00000000 00:00 0 
7feb3c021000-7feb40000000 ---p 00000000 00:00 0 
7feb40000000-7feb40021000 rw-p 00000000 00:00 0 
7feb40021000-7feb44000000 ---p 00000000 00:00 0 
7feb44000000-7feb4406f000 rw-p 00000000 00:00 0 
7feb4406f000-7feb48000000 ---p 00000000 00:00 0 
7feb480ee000-7feb482ee000 rw-p 00000000 00:00 0 
7feb482ee000-7feb484ee000 rw-p 00000000 00:00 0 
7feb484ee000-7feb484f1000 ---p 00000000 00:00 0 
7feb484f1000-7feb485ef000 rw-p 00000000 00:00 0 
7feb485ef000-7feb485f2000 ---p 00000000 00:00 0 
7feb485f2000-7feb486f0000 rw-p 00000000 00:00 0 
7feb486f0000-7feb486f3000 ---p 00000000 00:00 0 
7feb486f3000-7feb487f1000 rw-p 00000000 00:00 0 
7feb487f1000-7feb487f4000 ---p 00000000 00:00 0 
7feb487f4000-7feb488f2000 rw-p 00000000 00:00 0 
7feb488f2000-7feb488f5000 ---p 00000000 00:00 0 
7feb488f5000-7feb489f3000 rw-p 00000000 00:00 0 
7feb489f3000-7feb489f6000 ---p 00000000 00:00 0 
7feb489f6000-7feb48cf4000 rw-p 00000000 00:00 0 
7feb48cf4000-7feb48cf7000 ---p 00000000 00:00 0 
7feb48cf7000-7feb48df5000 rw-p 00000000 00:00 0 
7feb48df5000-7feb48dfe000 r-xp 00000000 08:02 4850040                    /home/rurikari/android-studio/jre/jre/lib/amd64/libmanagement.so
7feb48dfe000-7feb48ffd000 ---p 00009000 08:02 4850040                    /home/rurikari/android-studio/jre/jre/lib/amd64/libmanagement.so
7feb48ffd000-7feb48ffe000 r--p 00008000 08:02 4850040                    /home/rurikari/android-studio/jre/jre/lib/amd64/libmanagement.so
7feb48ffe000-7feb48fff000 rw-p 00009000 08:02 4850040                    /home/rurikari/android-studio/jre/jre/lib/amd64/libmanagement.so
7feb48fff000-7feb4c000000 rw-p 00000000 00:00 0 
7feb4c000000-7feb4c021000 rw-p 00000000 00:00 0 
7feb4c021000-7feb50000000 ---p 00000000 00:00 0 
7feb50000000-7feb50021000 rw-p 00000000 00:00 0 
7feb50021000-7feb54000000 ---p 00000000 00:00 0 
7feb54000000-7feb55f5d000 rw-p 00000000 00:00 0 
7feb55f5d000-7feb58000000 ---p 00000000 00:00 0 
7feb58000000-7feb58bd2000 rw-p 00000000 00:00 0 
7feb58bd2000-7feb5c000000 ---p 00000000 00:00 0 
7feb5c000000-7feb5c021000 rw-p 00000000 00:00 0 
7feb5c021000-7feb60000000 ---p 00000000 00:00 0 
7feb60000000-7feb6229b000 rw-p 00000000 00:00 0 
7feb6229b000-7feb64000000 ---p 00000000 00:00 0 
7feb64000000-7feb64021000 rw-p 00000000 00:00 0 
7feb64021000-7feb68000000 ---p 00000000 00:00 0 
7feb68000000-7feb68021000 rw-p 00000000 00:00 0 
7feb68021000-7feb6c000000 ---p 00000000 00:00 0 
7feb6c000000-7feb6c27d000 rw-p 00000000 00:00 0 
7feb6c27d000-7feb70000000 ---p 00000000 00:00 0 
7feb70000000-7feb70021000 rw-p 00000000 00:00 0 
7feb70021000-7feb74000000 ---p 00000000 00:00 0 
7feb74043000-7feb740bb000 r--s 010eb000 08:02 4849904                    /home/rurikari/android-studio/jre/lib/tools.jar
7feb740bb000-7feb740c2000 r--s 00000000 08:02 12721616                   /usr/lib/x86_64-linux-gnu/gconv/gconv-modules.cache
7feb740c2000-7feb740c5000 ---p 00000000 00:00 0 
7feb740c5000-7feb741c3000 rw-p 00000000 00:00 0 
7feb741c3000-7feb741c7000 r--s 00097000 08:02 4850014                    /home/rurikari/android-studio/jre/jre/lib/jsse.jar
7feb741c7000-7feb741c9000 r--s 00007000 08:02 6556314                    /home/rurikari/.gradle/wrapper/dists/gradle-2.14.1-all/8bnwg5hd3w55iofp58khbp6yv/gradle-2.14.1/lib/plugins/gradle-tooling-api-builders-2.14.1.jar
7feb741c9000-7feb741cc000 r--s 00008000 08:02 6556307                    /home/rurikari/.gradle/wrapper/dists/gradle-2.14.1-all/8bnwg5hd3w55iofp58khbp6yv/gradle-2.14.1/lib/plugins/gradle-testing-native-2.14.1.jar
7feb741cc000-7feb741ce000 r--s 00009000 08:02 6556386                    /home/rurikari/.gradle/wrapper/dists/gradle-2.14.1-all/8bnwg5hd3w55iofp58khbp6yv/gradle-2.14.1/lib/plugins/hamcrest-core-1.3.jar
7feb741ce000-7feb741d4000 r--s 00033000 08:02 6556380                    /home/rurikari/.gradle/wrapper/dists/gradle-2.14.1-all/8bnwg5hd3w55iofp58khbp6yv/gradle-2.14.1/lib/plugins/snakeyaml-1.6.jar
7feb741d4000-7feb741d6000 r--s 00006000 08:02 6556379                    /home/rurikari/.gradle/wrapper/dists/gradle-2.14.1-all/8bnwg5hd3w55iofp58khbp6yv/gradle-2.14.1/lib/plugins/jcommander-1.12.jar
7feb741d6000-7feb741db000 r--s 00040000 08:02 6556378                    /home/rurikari/.gradle/wrapper/dists/gradle-2.14.1-all/8bnwg5hd3w55iofp58khbp6yv/gradle-2.14.1/lib/plugins/bsh-2.0b4.jar
7feb741db000-7feb741e4000 r--s 00089000 08:02 6556337                    /home/rurikari/.gradle/wrapper/dists/gradle-2.14.1-all/8bnwg5hd3w55iofp58khbp6yv/gradle-2.14.1/lib/plugins/testng-6.3.1.jar
7feb741e4000-7feb741ec000 r--s 00045000 08:02 6556336                    /home/rurikari/.gradle/wrapper/dists/gradle-2.14.1-all/8bnwg5hd3w55iofp58khbp6yv/gradle-2.14.1/lib/plugins/junit-4.12.jar
7feb741ec000-7feb741f2000 r--s 0002e000 08:02 6556308                    /home/rurikari/.gradle/wrapper/dists/gradle-2.14.1-all/8bnwg5hd3w55iofp58khbp6yv/gradle-2.14.1/lib/plugins/gradle-testing-jvm-2.14.1.jar
7feb741f2000-7feb741f7000 r--s 00015000 08:02 6556306                    /home/rurikari/.gradle/wrapper/dists/gradle-2.14.1-all/8bnwg5hd3w55iofp58khbp6yv/gradle-2.14.1/lib/plugins/gradle-testing-base-2.14.1.jar
7feb741f7000-7feb741f8000 r--s 00002000 08:02 6556330                    /home/rurikari/.gradle/wrapper/dists/gradle-2.14.1-all/8bnwg5hd3w55iofp58khbp6yv/gradle-2.14.1/lib/plugins/sonar-batch-bootstrapper-2.9.jar
7feb741f8000-7feb741fb000 r--s 00015000 08:02 6556284                    /home/rurikari/.gradle/wrapper/dists/gradle-2.14.1-all/8bnwg5hd3w55iofp58khbp6yv/gradle-2.14.1/lib/plugins/gradle-sonar-2.14.1.jar
7feb741fb000-7feb74202000 r--s 00038000 08:02 6556331                    /home/rurikari/.gradle/wrapper/dists/gradle-2.14.1-all/8bnwg5hd3w55iofp58khbp6yv/gradle-2.14.1/lib/plugins/bcpg-jdk15on-1.51.jar
7feb74202000-7feb74204000 r--s 0000d000 08:02 6556285                    /home/rurikari/.gradle/wrapper/dists/gradle-2.14.1-all/8bnwg5hd3w55iofp58khbp6yv/gradle-2.14.1/lib/plugins/gradle-signing-2.14.1.jar
7feb74204000-7feb74207000 r--s 00009000 08:02 6556283                    /home/rurikari/.gradle/wrapper/dists/gradle-2.14.1-all/8bnwg5hd3w55iofp58khbp6yv/gradle-2.14.1/lib/plugins/gradle-scala-2.14.1.jar
7feb74207000-7feb74208000 r--s 00004000 08:02 6556312                    /home/rurikari/.gradle/wrapper/dists/gradle-2.14.1-all/8bnwg5hd3w55iofp58khbp6yv/gradle-2.14.1/lib/plugins/gradle-resources-sftp-2.14.1.jar
7feb74208000-7feb74218000 r--s 00088000 08:02 6556347                    /home/rurikari/.gradle/wrapper/dists/gradle-2.14.1-all/8bnwg5hd3w55iofp58khbp6yv/gradle-2.14.1/lib/plugins/joda-time-2.8.2.jar
7feb74218000-7feb74229000 r--s 000cf000 08:02 6556346                    /home/rurikari/.gradle/wrapper/dists/gradle-2.14.1-all/8bnwg5hd3w55iofp58khbp6yv/gradle-2.14.1/lib/plugins/jackson-databind-2.3.2.jar
7feb74229000-7feb7422b000 r--s 00007000 08:02 6556345                    /home/rurikari/.gradle/wrapper/dists/gradle-2.14.1-all/8bnwg5hd3w55iofp58khbp6yv/gradle-2.14.1/lib/plugins/jackson-annotations-2.3.2.jar
7feb7422b000-7feb7422e000 r--s 0002e000 08:02 6556344                    /home/rurikari/.gradle/wrapper/dists/gradle-2.14.1-all/8bnwg5hd3w55iofp58khbp6yv/gradle-2.14.1/lib/plugins/jackson-core-2.3.2.jar
7feb7422e000-7feb74239000 r--s 0006b000 08:02 6556343                    /home/rurikari/.gradle/wrapper/dists/gradle-2.14.1-all/8bnwg5hd3w55iofp58khbp6yv/gradle-2.14.1/lib/plugins/aws-java-sdk-core-1.9.19.jar
7feb74239000-7feb7423f000 r--s 00036000 08:02 6556342                    /home/rurikari/.gradle/wrapper/dists/gradle-2.14.1-all/8bnwg5hd3w55iofp58khbp6yv/gradle-2.14.1/lib/plugins/aws-java-sdk-kms-1.9.19.jar
7feb7423f000-7feb7424a000 r--s 00079000 08:02 6556341                    /home/rurikari/.gradle/wrapper/dists/gradle-2.14.1-all/8bnwg5hd3w55iofp58khbp6yv/gradle-2.14.1/lib/plugins/aws-java-sdk-s3-1.9.19.jar
7feb7424a000-7feb7424b000 r--s 00003000 08:02 6556313                    /home/rurikari/.gradle/wrapper/dists/gradle-2.14.1-all/8bnwg5hd3w55iofp58khbp6yv/gradle-2.14.1/lib/plugins/gradle-resources-s3-2.14.1.jar
7feb7424b000-7feb7424d000 r--s 00005000 08:02 6556335                    /home/rurikari/.gradle/wrapper/dists/gradle-2.14.1-all/8bnwg5hd3w55iofp58khbp6yv/gradle-2.14.1/lib/plugins/jatl-0.2.2.jar
7feb7424d000-7feb7424f000 r--s 0000f000 08:02 6556290                    /home/rurikari/.gradle/wrapper/dists/gradle-2.14.1-all/8bnwg5hd3w55iofp58khbp6yv/gradle-2.14.1/lib/plugins/gradle-reporting-2.14.1.jar
7feb7424f000-7feb74251000 r--s 00002000 08:02 6556291                    /home/rurikari/.gradle/wrapper/dists/gradle-2.14.1-all/8bnwg5hd3w55iofp58khbp6yv/gradle-2.14.1/lib/plugins/gradle-publish-2.14.1.jar
7feb74251000-7feb74253000 r--s 00009000 08:02 6556317                    /home/rurikari/.gradle/wrapper/dists/gradle-2.14.1-all/8bnwg5hd3w55iofp58khbp6yv/gradle-2.14.1/lib/plugins/commons-cli-1.2.jar
7feb74253000-7feb74259000 r--s 00033000 08:02 6556275                    /home/rurikari/.gradle/wrapper/dists/gradle-2.14.1-all/8bnwg5hd3w55iofp58khbp6yv/gradle-2.14.1/lib/plugins/gradle-plugins-2.14.1.jar
7feb74259000-7feb7425b000 r--s 00007000 08:02 6556309                    /home/rurikari/.gradle/wrapper/dists/gradle-2.14.1-all/8bnwg5hd3w55iofp58khbp6yv/gradle-2.14.1/lib/plugins/gradle-plugin-development-2.14.1.jar
7feb7425b000-7feb74261000 r--s 0002a000 08:02 6556302                    /home/rurikari/.gradle/wrapper/dists/gradle-2.14.1-all/8bnwg5hd3w55iofp58khbp6yv/gradle-2.14.1/lib/plugins/gradle-platform-play-2.14.1.jar
7feb74261000-7feb7426e000 r--s 0004d000 08:02 6556301                    /home/rurikari/.gradle/wrapper/dists/gradle-2.14.1-all/8bnwg5hd3w55iofp58khbp6yv/gradle-2.14.1/lib/plugins/gradle-platform-native-2.14.1.jar
7feb7426e000-7feb74272000 r--s 0001a000 08:02 6556296                    /home/rurikari/.gradle/wrapper/dists/gradle-2.14.1-all/8bnwg5hd3w55iofp58khbp6yv/gradle-2.14.1/lib/plugins/gradle-platform-jvm-2.14.1.jar
7feb74272000-7feb74279000 r--s 00029000 08:02 6556295                    /home/rurikari/.gradle/wrapper/dists/gradle-2.14.1-all/8bnwg5hd3w55iofp58khbp6yv/gradle-2.14.1/lib/plugins/gradle-platform-base-2.14.1.jar
7feb74279000-7feb7429a000 r--s 001c3000 08:02 6556325                    /home/rurikari/.gradle/wrapper/dists/gradle-2.14.1-all/8bnwg5hd3w55iofp58khbp6yv/gradle-2.14.1/lib/plugins/bndlib-2.4.0.jar
7feb7429a000-7feb7429c000 r--s 00003000 08:02 6556279                    /home/rurikari/.gradle/wrapper/dists/gradle-2.14.1-all/8bnwg5hd3w55iofp58khbp6yv/gradle-2.14.1/lib/plugins/gradle-osgi-2.14.1.jar
7feb7429c000-7feb7429f000 r--s 0000c000 08:02 6556328                    /home/rurikari/.gradle/wrapper/dists/gradle-2.14.1-all/8bnwg5hd3w55iofp58khbp6yv/gradle-2.14.1/lib/plugins/pmaven-groovy-0.8-20100325.jar
7feb7429f000-7feb742a0000 r--s 00004000 08:02 6556327                    /home/rurikari/.gradle/wrapper/dists/gradle-2.14.1-all/8bnwg5hd3w55iofp58khbp6yv/gradle-2.14.1/lib/plugins/pmaven-common-0.8-20100325.jar
7feb742a0000-7feb742a6000 r--s 00022000 08:02 6556280                    /home/rurikari/.gradle/wrapper/dists/gradle-2.14.1-all/8bnwg5hd3w55iofp58khbp6yv/gradle-2.14.1/lib/plugins/gradle-maven-2.14.1.jar
7feb742a6000-7feb742a8000 r--s 0000a000 08:02 6556300                    /home/rurikari/.gradle/wrapper/dists/gradle-2.14.1-all/8bnwg5hd3w55iofp58khbp6yv/gradle-2.14.1/lib/plugins/gradle-language-scala-2.14.1.jar
7feb742a8000-7feb742ae000 r--s 0001a000 08:02 6556304                    /home/rurikari/.gradle/wrapper/dists/gradle-2.14.1-all/8bnwg5hd3w55iofp58khbp6yv/gradle-2.14.1/lib/plugins/gradle-language-native-2.14.1.jar
7feb742ae000-7feb742b0000 r--s 00008000 08:02 6556297                    /home/rurikari/.gradle/wrapper/dists/gradle-2.14.1-all/8bnwg5hd3w55iofp58khbp6yv/gradle-2.14.1/lib/plugins/gradle-language-jvm-2.14.1.jar
7feb742b0000-7feb742b6000 r--s 00024000 08:02 6556298                    /home/rurikari/.gradle/wrapper/dists/gradle-2.14.1-all/8bnwg5hd3w55iofp58khbp6yv/gradle-2.14.1/lib/plugins/gradle-language-java-2.14.1.jar
7feb742b6000-7feb742b8000 r--s 0000a000 08:02 6556299                    /home/rurikari/.gradle/wrapper/dists/gradle-2.14.1-all/8bnwg5hd3w55iofp58khbp6yv/gradle-2.14.1/lib/plugins/gradle-language-groovy-2.14.1.jar
7feb742b8000-7feb742bb000 r--s 0001e000 08:02 6556353                    /home/rurikari/.gradle/wrapper/dists/gradle-2.14.1-all/8bnwg5hd3w55iofp58khbp6yv/gradle-2.14.1/lib/plugins/jsp-api-2.1-6.1.14.jar
7feb742bb000-7feb742de000 r--s 00344000 08:02 6556352                    /home/rurikari/.gradle/wrapper/dists/gradle-2.14.1-all/8bnwg5hd3w55iofp58khbp6yv/gradle-2.14.1/lib/plugins/core-3.1.1.jar
7feb742de000-7feb742df000 r--s 00006000 08:02 6556351                    /home/rurikari/.gradle/wrapper/dists/gradle-2.14.1-all/8bnwg5hd3w55iofp58khbp6yv/gradle-2.14.1/lib/plugins/jetty-naming-6.1.25.jar
7feb742df000-7feb742e0000 r--s 00002000 08:02 6556324                    /home/rurikari/.gradle/wrapper/dists/gradle-2.14.1-all/8bnwg5hd3w55iofp58khbp6yv/gradle-2.14.1/lib/plugins/geronimo-annotation_1.0_spec-1.0.jar
7feb742e0000-7feb742e2000 r--s 00002000 08:02 6556323                    /home/rurikari/.gradle/wrapper/dists/gradle-2.14.1-all/8bnwg5hd3w55iofp58khbp6yv/gradle-2.14.1/lib/plugins/jetty-annotations-6.1.25.jar
7feb742e2000-7feb742f3000 r--s 000ea000 08:02 6556322                    /home/rurikari/.gradle/wrapper/dists/gradle-2.14.1-all/8bnwg5hd3w55iofp58khbp6yv/gradle-2.14.1/lib/plugins/jsp-2.1-6.1.14.jar
7feb742f3000-7feb742f5000 r--s 0000d000 08:02 6556321                    /home/rurikari/.gradle/wrapper/dists/gradle-2.14.1-all/8bnwg5hd3w55iofp58khbp6yv/gradle-2.14.1/lib/plugins/jetty-plus-6.1.25.jar
7feb742f5000-7feb742f7000 r--s 0001f000 08:02 6556320                    /home/rurikari/.gradle/wrapper/dists/gradle-2.14.1-all/8bnwg5hd3w55iofp58khbp6yv/gradle-2.14.1/lib/plugins/servlet-api-2.5-20081211.jar
7feb742f7000-7feb742fb000 r--s 00028000 08:02 6556319                    /home/rurikari/.gradle/wrapper/dists/gradle-2.14.1-all/8bnwg5hd3w55iofp58khbp6yv/gradle-2.14.1/lib/plugins/jetty-util-6.1.25.jar
7feb742fb000-7feb74302000 r--s 0007d000 08:02 6556318                    /home/rurikari/.gradle/wrapper/dists/gradle-2.14.1-all/8bnwg5hd3w55iofp58khbp6yv/gradle-2.14.1/lib/plugins/jetty-6.1.25.jar
7feb74302000-7feb74304000 r--s 00009000 08:02 6556277                    /home/rurikari/.gradle/wrapper/dists/gradle-2.14.1-all/8bnwg5hd3w55iofp58khbp6yv/gradle-2.14.1/lib/plugins/gradle-jetty-2.14.1.jar
7feb74304000-7feb7430b000 r--s 00035000 08:02 6556334                    /home/rurikari/.gradle/wrapper/dists/gradle-2.14.1-all/8bnwg5hd3w55iofp58khbp6yv/gradle-2.14.1/lib/plugins/simple-4.1.21.jar
7feb7430b000-7feb74317000 r--s 00100000 08:02 6556332                    /home/rurikari/.gradle/wrapper/dists/gradle-2.14.1-all/8bnwg5hd3w55iofp58khbp6yv/gradle-2.14.1/lib/plugins/rhino-1.7R3.jar
7feb74317000-7feb7431b000 r--s 00011000 08:02 6556287                    /home/rurikari/.gradle/wrapper/dists/gradle-2.14.1-all/8bnwg5hd3w55iofp58khbp6yv/gradle-2.14.1/lib/plugins/gradle-javascript-2.14.1.jar
7feb7431b000-7feb7431d000 r--s 0000c000 08:02 6556293                    /home/rurikari/.gradle/wrapper/dists/gradle-2.14.1-all/8bnwg5hd3w55iofp58khbp6yv/gradle-2.14.1/lib/plugins/gradle-jacoco-2.14.1.jar
7feb7431d000-7feb74320000 r--s 0000e000 08:02 6556292                    /home/rurikari/.gradle/wrapper/dists/gradle-2.14.1-all/8bnwg5hd3w55iofp58khbp6yv/gradle-2.14.1/lib/plugins/gradle-ivy-2.14.1.jar
7feb74320000-7feb74321000 r--s 00002000 08:02 6556303                    /home/rurikari/.gradle/wrapper/dists/gradle-2.14.1-all/8bnwg5hd3w55iofp58khbp6yv/gradle-2.14.1/lib/plugins/gradle-ide-play-2.14.1.jar
7feb74321000-7feb74326000 r--s 0002b000 08:02 6556305                    /home/rurikari/.gradle/wrapper/dists/gradle-2.14.1-all/8bnwg5hd3w55iofp58khbp6yv/gradle-2.14.1/lib/plugins/gradle-ide-native-2.14.1.jar
7feb74326000-7feb74331000 r--s 00066000 08:02 6556281                    /home/rurikari/.gradle/wrapper/dists/gradle-2.14.1-all/8bnwg5hd3w55iofp58khbp6yv/gradle-2.14.1/lib/plugins/gradle-ide-2.14.1.jar
7feb74331000-7feb74332000 r--s 00008000 08:02 6556286                    /home/rurikari/.gradle/wrapper/dists/gradle-2.14.1-all/8bnwg5hd3w55iofp58khbp6yv/gradle-2.14.1/lib/plugins/gradle-ear-2.14.1.jar
7feb74332000-7feb74338000 r--s 00032000 08:02 6556289                    /home/rurikari/.gradle/wrapper/dists/gradle-2.14.1-all/8bnwg5hd3w55iofp58khbp6yv/gradle-2.14.1/lib/plugins/gradle-diagnostics-2.14.1.jar
7feb74338000-7feb7433c000 r--s 00021000 08:02 6556276                    /home/rurikari/.gradle/wrapper/dists/gradle-2.14.1-all/8bnwg5hd3w55iofp58khbp6yv/gradle-2.14.1/lib/plugins/gradle-code-quality-2.14.1.jar
7feb7433c000-7feb74340000 r--s 0001f000 08:02 6556294                    /home/rurikari/.gradle/wrapper/dists/gradle-2.14.1-all/8bnwg5hd3w55iofp58khbp6yv/gradle-2.14.1/lib/plugins/gradle-build-init-2.14.1.jar
7feb74340000-7feb74347000 r--s 0008e000 08:02 6556288                    /home/rurikari/.gradle/wrapper/dists/gradle-2.14.1-all/8bnwg5hd3w55iofp58khbp6yv/gradle-2.14.1/lib/plugins/gradle-build-comparison-2.14.1.jar
7feb74347000-7feb74349000 r--s 00008000 08:02 6556278                    /home/rurikari/.gradle/wrapper/dists/gradle-2.14.1-all/8bnwg5hd3w55iofp58khbp6yv/gradle-2.14.1/lib/plugins/gradle-antlr-2.14.1.jar
7feb74349000-7feb7434b000 r--s 00004000 08:02 6556282                    /home/rurikari/.gradle/wrapper/dists/gradle-2.14.1-all/8bnwg5hd3w55iofp58khbp6yv/gradle-2.14.1/lib/plugins/gradle-announce-2.14.1.jar
7feb7434b000-7feb74363000 r--s 00115000 08:02 6556383                    /home/rurikari/.gradle/wrapper/dists/gradle-2.14.1-all/8bnwg5hd3w55iofp58khbp6yv/gradle-2.14.1/lib/plugins/xercesImpl-2.9.1.jar
7feb74363000-7feb7436b000 r--s 00028000 08:02 6556384                    /home/rurikari/.gradle/wrapper/dists/gradle-2.14.1-all/8bnwg5hd3w55iofp58khbp6yv/gradle-2.14.1/lib/plugins/xml-apis-1.3.04.jar
7feb7436b000-7feb74371000 r--s 0005b000 08:02 6556382                    /home/rurikari/.gradle/wrapper/dists/gradle-2.14.1-all/8bnwg5hd3w55iofp58khbp6yv/gradle-2.14.1/lib/plugins/jcifs-1.3.17.jar
7feb74371000-7feb74378000 r--s 00049000 08:02 6556381                    /home/rurikari/.gradle/wrapper/dists/gradle-2.14.1-all/8bnwg5hd3w55iofp58khbp6yv/gradle-2.14.1/lib/plugins/httpcore-4.4.4.jar
7feb74378000-7feb7437e000 r--s 00033000 08:02 6556329                    /home/rurikari/.gradle/wrapper/dists/gradle-2.14.1-all/8bnwg5hd3w55iofp58khbp6yv/gradle-2.14.1/lib/plugins/commons-codec-1.6.jar
7feb7437e000-7feb74381000 r--s 0001c000 08:02 6556339                    /home/rurikari/.gradle/wrapper/dists/gradle-2.14.1-all/8bnwg5hd3w55iofp58khbp6yv/gradle-2.14.1/lib/plugins/nekohtml-1.9.14.jar
7feb74381000-7feb7438e000 r--s 000a4000 08:02 6556338                    /home/rurikari/.gradle/wrapper/dists/gradle-2.14.1-all/8bnwg5hd3w55iofp58khbp6yv/gradle-2.14.1/lib/plugins/httpclient-4.4.1.jar
7feb7438e000-7feb74390000 r--s 0000a000 08:02 6556311                    /home/rurikari/.gradle/wrapper/dists/gradle-2.14.1-all/8bnwg5hd3w55iofp58khbp6yv/gradle-2.14.1/lib/plugins/gradle-resources-http-2.14.1.jar
7feb74390000-7feb74394000 r--s 00014000 08:02 6556310                    /home/rurikari/.gradle/wrapper/dists/gradle-2.14.1-all/8bnwg5hd3w55iofp58khbp6yv/gradle-2.14.1/lib/plugins/gradle-plugin-use-2.14.1.jar
7feb74394000-7feb74395000 r--s 00000000 08:02 6556226                    /home/rurikari/.gradle/wrapper/dists/gradle-2.14.1-all/8bnwg5hd3w55iofp58khbp6yv/gradle-2.14.1/lib/gradle-installation-beacon-2.14.1.jar
7feb74395000-7feb74396000 r--s 00007000 08:02 6556377                    /home/rurikari/.gradle/wrapper/dists/gradle-2.14.1-all/8bnwg5hd3w55iofp58khbp6yv/gradle-2.14.1/lib/plugins/wagon-http-shared4-2.4.jar
7feb74396000-7feb7439a000 r--s 00033000 08:02 6556376                    /home/rurikari/.gradle/wrapper/dists/gradle-2.14.1-all/8bnwg5hd3w55iofp58khbp6yv/gradle-2.14.1/lib/plugins/plexus-utils-2.0.6.jar
7feb7439a000-7feb7439e000 r--s 00021000 08:02 6556375                    /home/rurikari/.gradle/wrapper/dists/gradle-2.14.1-all/8bnwg5hd3w55iofp58khbp6yv/gradle-2.14.1/lib/plugins/maven-model-builder-3.0.4.jar
7feb7439e000-7feb7439f000 r--s 00002000 08:02 6556374                    /home/rurikari/.gradle/wrapper/dists/gradle-2.14.1-all/8bnwg5hd3w55iofp58khbp6yv/gradle-2.14.1/lib/plugins/wagon-file-2.4.jar
7feb7439f000-7feb743a1000 r--s 00002000 08:02 6556373                    /home/rurikari/.gradle/wrapper/dists/gradle-2.14.1-all/8bnwg5hd3w55iofp58khbp6yv/gradle-2.14.1/lib/plugins/plexus-cipher-1.7.jar
7feb743a1000-7feb743a4000 r--s 00013000 08:02 6556372                    /home/rurikari/.gradle/wrapper/dists/gradle-2.14.1-all/8bnwg5hd3w55iofp58khbp6yv/gradle-2.14.1/lib/plugins/aether-api-1.13.1.jar
7feb743a4000-7feb743a6000 r--s 0000a000 08:02 6556371                    /home/rurikari/.gradle/wrapper/dists/gradle-2.14.1-all/8bnwg5hd3w55iofp58khbp6yv/gradle-2.14.1/lib/plugins/maven-settings-3.0.4.jar
7feb743a6000-7feb743a8000 r--s 0000d000 08:02 6556370                    /home/rurikari/.gradle/wrapper/dists/gradle-2.14.1-all/8bnwg5hd3w55iofp58khbp6yv/gradle-2.14.1/lib/plugins/plexus-interpolation-1.14.jar
7feb743a8000-7feb743aa000 r--s 0000b000 08:02 6556369                    /home/rurikari/.gradle/wrapper/dists/gradle-2.14.1-all/8bnwg5hd3w55iofp58khbp6yv/gradle-2.14.1/lib/plugins/maven-artifact-3.0.4.jar
7feb743aa000-7feb743b1000 r--s 0002e000 08:02 6556368                    /home/rurikari/.gradle/wrapper/dists/gradle-2.14.1-all/8bnwg5hd3w55iofp58khbp6yv/gradle-2.14.1/lib/plugins/plexus-container-default-1.5.5.jar
7feb743b1000-7feb743b3000 r--s 0000b000 08:02 6556367                    /home/rurikari/.gradle/wrapper/dists/gradle-2.14.1-all/8bnwg5hd3w55iofp58khbp6yv/gradle-2.14.1/lib/plugins/maven-plugin-api-3.0.4.jar
7feb743b3000-7feb743b5000 r--s 00000000 08:02 6556385                    /home/rurikari/.gradle/wrapper/dists/gradle-2.14.1-all/8bnwg5hd3w55iofp58khbp6yv/gradle-2.14.1/lib/plugins/plexus-component-annotations-1.5.5.jar
7feb743b5000-7feb743bb000 r--s 0003f000 08:02 6556366                    /home/rurikari/.gradle/wrapper/dists/gradle-2.14.1-all/8bnwg5hd3w55iofp58khbp6yv/gradle-2.14.1/lib/plugins/maven-compat-3.0.4.jar
7feb743bb000-7feb743be000 r--s 00008000 08:02 6556365                    /home/rurikari/.gradle/wrapper/dists/gradle-2.14.1-all/8bnwg5hd3w55iofp58khbp6yv/gradle-2.14.1/lib/plugins/maven-settings-builder-3.0.4.jar
7feb743be000-7feb743c0000 r--s 00026000 08:02 6556363                    /home/rurikari/.gradle/wrapper/dists/gradle-2.14.1-all/8bnwg5hd3w55iofp58khbp6yv/gradle-2.14.1/lib/plugins/maven-model-3.0.4.jar
7feb743c0000-7feb743c2000 r--s 00006000 08:02 6556362                    /home/rurikari/.gradle/wrapper/dists/gradle-2.14.1-all/8bnwg5hd3w55iofp58khbp6yv/gradle-2.14.1/lib/plugins/aether-connector-wagon-1.13.1.jar
7feb743c2000-7feb743c4000 r--s 0000a000 08:02 6556361                    /home/rurikari/.gradle/wrapper/dists/gradle-2.14.1-all/8bnwg5hd3w55iofp58khbp6yv/gradle-2.14.1/lib/plugins/plexus-classworlds-2.4.jar
7feb743c4000-7feb743c6000 r--s 00006000 08:02 6556360                    /home/rurikari/.gradle/wrapper/dists/gradle-2.14.1-all/8bnwg5hd3w55iofp58khbp6yv/gradle-2.14.1/lib/plugins/maven-repository-metadata-3.0.4.jar
7feb743c6000-7feb743c8000 r--s 0000c000 08:02 6556359                    /home/rurikari/.gradle/wrapper/dists/gradle-2.14.1-all/8bnwg5hd3w55iofp58khbp6yv/gradle-2.14.1/lib/plugins/maven-aether-provider-3.0.4.jar
7feb743c8000-7feb743ca000 r--s 0000b000 08:02 6556358                    /home/rurikari/.gradle/wrapper/dists/gradle-2.14.1-all/8bnwg5hd3w55iofp58khbp6yv/gradle-2.14.1/lib/plugins/wagon-provider-api-2.4.jar
7feb743ca000-7feb743ce000 r--s 0001c000 08:02 6556356                    /home/rurikari/.gradle/wrapper/dists/gradle-2.14.1-all/8bnwg5hd3w55iofp58khbp6yv/gradle-2.14.1/lib/plugins/aether-util-1.13.1.jar
7feb743ce000-7feb743d3000 r--s 00040000 08:02 6556340                    /home/rurikari/.gradle/wrapper/dists/gradle-2.14.1-all/8bnwg5hd3w55iofp58khbp6yv/gradle-2.14.1/lib/plugins/jsch-0.1.53.jar
7feb743d3000-7feb74413000 r--s 00277000 08:02 6556350                    /home/rurikari/.gradle/wrapper/dists/gradle-2.14.1-all/8bnwg5hd3w55iofp58khbp6yv/gradle-2.14.1/lib/plugins/bcprov-jdk15on-1.51.jar
7feb74413000-7feb74429000 r-xp 00000000 08:02 14160300                   /lib/x86_64-linux-gnu/libgcc_s.so.1
7feb74429000-7feb74628000 ---p 00016000 08:02 14160300                   /lib/x86_64-linux-gnu/libgcc_s.so.1
7feb74628000-7feb74629000 rw-p 00015000 08:02 14160300                   /lib/x86_64-linux-gnu/libgcc_s.so.1
7feb74629000-7feb7479b000 r-xp 00000000 08:02 12454240                   /usr/lib/x86_64-linux-gnu/libstdc++.so.6.0.21
7feb7479b000-7feb7499b000 ---p 00172000 08:02 12454240                   /usr/lib/x86_64-linux-gnu/libstdc++.so.6.0.21
7feb7499b000-7feb749a5000 r--p 00172000 08:02 12454240                   /usr/lib/x86_64-linux-gnu/libstdc++.so.6.0.21
7feb749a5000-7feb749a7000 rw-p 0017c000 08:02 12454240                   /usr/lib/x86_64-linux-gnu/libstdc++.so.6.0.21
7feb749a7000-7feb749ab000 rw-p 00000000 00:00 0 
7feb749ab000-7feb749ae000 r--s 0001d000 08:02 6556355                    /home/rurikari/.gradle/wrapper/dists/gradle-2.14.1-all/8bnwg5hd3w55iofp58khbp6yv/gradle-2.14.1/lib/plugins/aether-impl-1.13.1.jar
7feb749ae000-7feb749b2000 r--s 0001d000 08:02 6556349                    /home/rurikari/.gradle/wrapper/dists/gradle-2.14.1-all/8bnwg5hd3w55iofp58khbp6yv/gradle-2.14.1/lib/plugins/xbean-reflect-3.4.jar
7feb749b2000-7feb749be000 r--s 0007d000 08:02 6556326                    /home/rurikari/.gradle/wrapper/dists/gradle-2.14.1-all/8bnwg5hd3w55iofp58khbp6yv/gradle-2.14.1/lib/plugins/maven-core-3.0.4.jar
7feb749be000-7feb749c3000 r--s 0002a000 08:02 6556333                    /home/rurikari/.gradle/wrapper/dists/gradle-2.14.1-all/8bnwg5hd3w55iofp58khbp6yv/gradle-2.14.1/lib/plugins/gson-2.2.4.jar
7feb749c3000-7feb749d2000 r--s 000d9000 08:02 6556348                    /home/rurikari/.gradle/wrapper/dists/gradle-2.14.1-all/8bnwg5hd3w55iofp58khbp6yv/gradle-2.14.1/lib/plugins/ivy-2.2.0.jar
7feb749d2000-7feb749d6000 r-xp 00000000 08:02 6553885                    /home/rurikari/.gradle/native/19/linux-amd64/libnative-platform.so
7feb749d6000-7feb74bd5000 ---p 00004000 08:02 6553885                    /home/rurikari/.gradle/native/19/linux-amd64/libnative-platform.so
7feb74bd5000-7feb74bd6000 rw-p 00003000 08:02 6553885                    /home/rurikari/.gradle/native/19/linux-amd64/libnative-platform.so
7feb74bd6000-7feb74be7000 r-xp 00000000 08:02 4850028                    /home/rurikari/android-studio/jre/jre/lib/amd64/libnio.so
7feb74be7000-7feb74de6000 ---p 00011000 08:02 4850028                    /home/rurikari/android-studio/jre/jre/lib/amd64/libnio.so
7feb74de6000-7feb74de7000 r--p 00010000 08:02 4850028                    /home/rurikari/android-studio/jre/jre/lib/amd64/libnio.so
7feb74de7000-7feb74de8000 rw-p 00011000 08:02 4850028                    /home/rurikari/android-studio/jre/jre/lib/amd64/libnio.so
7feb74de8000-7feb74dff000 r-xp 00000000 08:02 4850026                    /home/rurikari/android-studio/jre/jre/lib/amd64/libnet.so
7feb74dff000-7feb74ffe000 ---p 00017000 08:02 4850026                    /home/rurikari/android-studio/jre/jre/lib/amd64/libnet.so
7feb74ffe000-7feb74fff000 r--p 00016000 08:02 4850026                    /home/rurikari/android-studio/jre/jre/lib/amd64/libnet.so
7feb74fff000-7feb75000000 rw-p 00017000 08:02 4850026                    /home/rurikari/android-studio/jre/jre/lib/amd64/libnet.so
7feb75000000-7feb78000000 rw-p 00000000 00:00 0 
7feb78000000-7feb78021000 rw-p 00000000 00:00 0 
7feb78021000-7feb7c000000 ---p 00000000 00:00 0 
7feb7c000000-7feb7c021000 rw-p 00000000 00:00 0 
7feb7c021000-7feb80000000 ---p 00000000 00:00 0 
7feb80000000-7feb80021000 rw-p 00000000 00:00 0 
7feb80021000-7feb84000000 ---p 00000000 00:00 0 
7feb84000000-7feb84001000 r--s 00002000 08:02 6556364                    /home/rurikari/.gradle/wrapper/dists/gradle-2.14.1-all/8bnwg5hd3w55iofp58khbp6yv/gradle-2.14.1/lib/plugins/wagon-http-2.4.jar
7feb84001000-7feb84002000 r--s 00003000 08:02 6556357                    /home/rurikari/.gradle/wrapper/dists/gradle-2.14.1-all/8bnwg5hd3w55iofp58khbp6yv/gradle-2.14.1/lib/plugins/aether-spi-1.13.1.jar
7feb84002000-7feb84003000 r--s 00006000 08:02 6556354                    /home/rurikari/.gradle/wrapper/dists/gradle-2.14.1-all/8bnwg5hd3w55iofp58khbp6yv/gradle-2.14.1/lib/plugins/plexus-sec-dispatcher-1.3.jar
7feb84003000-7feb8401f000 r--s 000d3000 08:02 6556315                    /home/rurikari/.gradle/wrapper/dists/gradle-2.14.1-all/8bnwg5hd3w55iofp58khbp6yv/gradle-2.14.1/lib/plugins/gradle-dependency-management-2.14.1.jar
7feb8401f000-7feb84021000 r--s 00005000 08:02 6556225                    /home/rurikari/.gradle/wrapper/dists/gradle-2.14.1-all/8bnwg5hd3w55iofp58khbp6yv/gradle-2.14.1/lib/gradle-wrapper-2.14.1.jar
7feb84021000-7feb8402f000 r--s 0004f000 08:02 6556232                    /home/rurikari/.gradle/wrapper/dists/gradle-2.14.1-all/8bnwg5hd3w55iofp58khbp6yv/gradle-2.14.1/lib/gradle-tooling-api-2.14.1.jar
7feb8402f000-7feb84031000 r--s 00002000 08:02 6556252                    /home/rurikari/.gradle/wrapper/dists/gradle-2.14.1-all/8bnwg5hd3w55iofp58khbp6yv/gradle-2.14.1/lib/gradle-open-api-2.14.1.jar
7feb84031000-7feb84037000 r--s 00032000 08:02 6556254                    /home/rurikari/.gradle/wrapper/dists/gradle-2.14.1-all/8bnwg5hd3w55iofp58khbp6yv/gradle-2.14.1/lib/jaxen-1.1.jar
7feb84037000-7feb8403c000 r--s 00048000 08:02 6556253                    /home/rurikari/.gradle/wrapper/dists/gradle-2.14.1-all/8bnwg5hd3w55iofp58khbp6yv/gradle-2.14.1/lib/dom4j-1.6.1.jar
7feb8403c000-7feb84047000 r--s 00059000 08:02 6556231                    /home/rurikari/.gradle/wrapper/dists/gradle-2.14.1-all/8bnwg5hd3w55iofp58khbp6yv/gradle-2.14.1/lib/gradle-ui-2.14.1.jar
7feb84047000-7feb8404a000 r--s 0000b000 08:02 6556250                    /home/rurikari/.gradle/wrapper/dists/gradle-2.14.1-all/8bnwg5hd3w55iofp58khbp6yv/gradle-2.14.1/lib/gradle-resources-2.14.1.jar
7feb8404a000-7feb8404c000 r--s 00003000 08:02 6556262                    /home/rurikari/.gradle/wrapper/dists/gradle-2.14.1-all/8bnwg5hd3w55iofp58khbp6yv/gradle-2.14.1/lib/jcl-over-slf4j-1.7.10.jar
7feb8404c000-7feb8404d000 r--s 00005000 08:02 6556261                    /home/rurikari/.gradle/wrapper/dists/gradle-2.14.1-all/8bnwg5hd3w55iofp58khbp6yv/gradle-2.14.1/lib/log4j-over-slf4j-1.7.10.jar
7feb8404d000-7feb8404f000 r--s 00000000 08:02 6556260                    /home/rurikari/.gradle/wrapper/dists/gradle-2.14.1-all/8bnwg5hd3w55iofp58khbp6yv/gradle-2.14.1/lib/jul-to-slf4j-1.7.10.jar
7feb8404f000-7feb84054000 r--s 0001c000 08:02 6556249                    /home/rurikari/.gradle/wrapper/dists/gradle-2.14.1-all/8bnwg5hd3w55iofp58khbp6yv/gradle-2.14.1/lib/gradle-logging-2.14.1.jar
7feb84054000-7feb84056000 r--s 00007000 08:02 6556273                    /home/rurikari/.gradle/wrapper/dists/gradle-2.14.1-all/8bnwg5hd3w55iofp58khbp6yv/gradle-2.14.1/lib/objenesis-1.2.jar
7feb84056000-7feb84058000 r--s 00000000 08:02 6556272                    /home/rurikari/.gradle/wrapper/dists/gradle-2.14.1-all/8bnwg5hd3w55iofp58khbp6yv/gradle-2.14.1/lib/minlog-1.2.jar
7feb84058000-7feb8405a000 r--s 0000f000 08:02 6556271                    /home/rurikari/.gradle/wrapper/dists/gradle-2.14.1-all/8bnwg5hd3w55iofp58khbp6yv/gradle-2.14.1/lib/reflectasm-1.07-shaded.jar
7feb8405a000-7feb8405e000 r--s 00026000 08:02 6556259                    /home/rurikari/.gradle/wrapper/dists/gradle-2.14.1-all/8bnwg5hd3w55iofp58khbp6yv/gradle-2.14.1/lib/kryo-2.20.jar
7feb8405e000-7feb84064000 r--s 00025000 08:02 6556248                    /home/rurikari/.gradle/wrapper/dists/gradle-2.14.1-all/8bnwg5hd3w55iofp58khbp6yv/gradle-2.14.1/lib/gradle-messaging-2.14.1.jar
7feb84064000-7feb84065000 r--s 00003000 08:02 6556270                    /home/rurikari/.gradle/wrapper/dists/gradle-2.14.1-all/8bnwg5hd3w55iofp58khbp6yv/gradle-2.14.1/lib/native-platform-freebsd-amd64-0.10.jar
7feb84065000-7feb84066000 r--s 00003000 08:02 6556269                    /home/rurikari/.gradle/wrapper/dists/gradle-2.14.1-all/8bnwg5hd3w55iofp58khbp6yv/gradle-2.14.1/lib/native-platform-freebsd-i386-0.10.jar
7feb84066000-7feb84067000 r--s 00005000 08:02 6556268                    /home/rurikari/.gradle/wrapper/dists/gradle-2.14.1-all/8bnwg5hd3w55iofp58khbp6yv/gradle-2.14.1/lib/native-platform-windows-i386-0.10.jar
7feb84067000-7feb84068000 r--s 00005000 08:02 6556267                    /home/rurikari/.gradle/wrapper/dists/gradle-2.14.1-all/8bnwg5hd3w55iofp58khbp6yv/gradle-2.14.1/lib/native-platform-windows-amd64-0.10.jar
7feb84068000-7feb84069000 r--s 00003000 08:02 6556266                    /home/rurikari/.gradle/wrapper/dists/gradle-2.14.1-all/8bnwg5hd3w55iofp58khbp6yv/gradle-2.14.1/lib/native-platform-linux-i386-0.10.jar
7feb84069000-7feb8406a000 r--s 00003000 08:02 6556265                    /home/rurikari/.gradle/wrapper/dists/gradle-2.14.1-all/8bnwg5hd3w55iofp58khbp6yv/gradle-2.14.1/lib/native-platform-linux-amd64-0.10.jar
7feb8406a000-7feb8406b000 r--s 00002000 08:02 6556264                    /home/rurikari/.gradle/wrapper/dists/gradle-2.14.1-all/8bnwg5hd3w55iofp58khbp6yv/gradle-2.14.1/lib/native-platform-osx-amd64-0.10.jar
7feb8406b000-7feb8406d000 r--s 00008000 08:02 6556257                    /home/rurikari/.gradle/wrapper/dists/gradle-2.14.1-all/8bnwg5hd3w55iofp58khbp6yv/gradle-2.14.1/lib/jansi-1.2.1.jar
7feb8406d000-7feb84070000 r--s 0000d000 08:02 6556256                    /home/rurikari/.gradle/wrapper/dists/gradle-2.14.1-all/8bnwg5hd3w55iofp58khbp6yv/gradle-2.14.1/lib/native-platform-0.10.jar
7feb84070000-7feb84074000 r--s 000e4000 08:02 6556255                    /home/rurikari/.gradle/wrapper/dists/gradle-2.14.1-all/8bnwg5hd3w55iofp58khbp6yv/gradle-2.14.1/lib/jna-3.2.7.jar
7feb84074000-7feb84076000 r--s 00009000 08:02 6556233                    /home/rurikari/.gradle/wrapper/dists/gradle-2.14.1-all/8bnwg5hd3w55iofp58khbp6yv/gradle-2.14.1/lib/gradle-native-2.14.1.jar
7feb84076000-7feb84085000 r--s 00080000 08:02 6556239                    /home/rurikari/.gradle/wrapper/dists/gradle-2.14.1-all/8bnwg5hd3w55iofp58khbp6yv/gradle-2.14.1/lib/gradle-model-core-2.14.1.jar
7feb84085000-7feb840f4000 r--s 0063e000 08:02 6556238                    /home/rurikari/.gradle/wrapper/dists/gradle-2.14.1-all/8bnwg5hd3w55iofp58khbp6yv/gradle-2.14.1/lib/groovy-all-2.4.4.jar
7feb840f4000-7feb8411c000 r--s 001cf000 08:02 6556235                    /home/rurikari/.gradle/wrapper/dists/gradle-2.14.1-all/8bnwg5hd3w55iofp58khbp6yv/gradle-2.14.1/lib/guava-jdk5-17.0.jar
7feb8411c000-7feb8411d000 ---p 00000000 00:00 0 
7feb8411d000-7feb8421d000 rw-p 00000000 00:00 0 
7feb8421d000-7feb84220000 ---p 00000000 00:00 0 
7feb84220000-7feb8431e000 rw-p 00000000 00:00 0 
7feb8431e000-7feb84321000 ---p 00000000 00:00 0 
7feb84321000-7feb8441f000 rw-p 00000000 00:00 0 
7feb8441f000-7feb84422000 ---p 00000000 00:00 0 
7feb84422000-7feb84520000 rw-p 00000000 00:00 0 
7feb84520000-7feb84523000 ---p 00000000 00:00 0 
7feb84523000-7feb84621000 rw-p 00000000 00:00 0 
7feb84621000-7feb84624000 ---p 00000000 00:00 0 
7feb84624000-7feb84722000 rw-p 00000000 00:00 0 
7feb84722000-7feb849fa000 r--p 00000000 08:02 12452102                   /usr/lib/locale/locale-archive
7feb849fa000-7feb849fd000 ---p 00000000 00:00 0 
7feb849fd000-7feb84afb000 rw-p 00000000 00:00 0 
7feb84afb000-7feb84afe000 ---p 00000000 00:00 0 
7feb84afe000-7feb84bfc000 rw-p 00000000 00:00 0 
7feb84bfc000-7feb84bfd000 ---p 00000000 00:00 0 
7feb84bfd000-7feb85000000 rw-p 00000000 00:00 0 
7feb85000000-7feb856b0000 rwxp 00000000 00:00 0 
7feb856b0000-7feb94000000 ---p 00000000 00:00 0 
7feb94000000-7feb94b59000 rw-p 00000000 00:00 0 
7feb94b59000-7feb98000000 ---p 00000000 00:00 0 
7feb98000000-7feb98002000 r--s 00005000 08:02 6556230                    /home/rurikari/.gradle/wrapper/dists/gradle-2.14.1-all/8bnwg5hd3w55iofp58khbp6yv/gradle-2.14.1/lib/gradle-cli-2.14.1.jar
7feb98002000-7feb9800f000 r--s 00083000 08:02 6556243                    /home/rurikari/.gradle/wrapper/dists/gradle-2.14.1-all/8bnwg5hd3w55iofp58khbp6yv/gradle-2.14.1/lib/commons-collections-3.2.2.jar
7feb9800f000-7feb9802e000 r--s 001d1000 08:02 6556242                    /home/rurikari/.gradle/wrapper/dists/gradle-2.14.1-all/8bnwg5hd3w55iofp58khbp6yv/gradle-2.14.1/lib/ant-1.9.6.jar
7feb9802e000-7feb98065000 r--s 001bd000 08:02 6556229                    /home/rurikari/.gradle/wrapper/dists/gradle-2.14.1-all/8bnwg5hd3w55iofp58khbp6yv/gradle-2.14.1/lib/gradle-core-2.14.1.jar
7feb98065000-7feb98d42000 rw-p 00000000 00:00 0 
7feb98d42000-7feb98f0f000 r--s 03bec000 08:02 4849996                    /home/rurikari/android-studio/jre/jre/lib/rt.jar
7feb98f0f000-7feb99a85000 rw-p 00000000 00:00 0 
7feb99a85000-7feb99a86000 ---p 00000000 00:00 0 
7feb99a86000-7feb99b86000 rw-p 00000000 00:00 0 
7feb99b86000-7feb99b87000 ---p 00000000 00:00 0 
7feb99b87000-7feb99c87000 rw-p 00000000 00:00 0 
7feb99c87000-7feb99c88000 ---p 00000000 00:00 0 
7feb99c88000-7feb99d88000 rw-p 00000000 00:00 0 
7feb99d88000-7feb99d89000 ---p 00000000 00:00 0 
7feb99d89000-7feb99e9d000 rw-p 00000000 00:00 0 
7feb99e9d000-7feb9a089000 ---p 00000000 00:00 0 
7feb9a089000-7feb9a09d000 rw-p 00000000 00:00 0 
7feb9a09d000-7feb9a289000 ---p 00000000 00:00 0 
7feb9a289000-7feb9a2b0000 rw-p 00000000 00:00 0 
7feb9a2b0000-7feb9a389000 ---p 00000000 00:00 0 
7feb9a389000-7feb9a3a5000 rw-p 00000000 00:00 0 
7feb9a3a5000-7feb9a74a000 ---p 00000000 00:00 0 
7feb9a74a000-7feb9a764000 r-xp 00000000 08:02 4850023                    /home/rurikari/android-studio/jre/jre/lib/amd64/libzip.so
7feb9a764000-7feb9a964000 ---p 0001a000 08:02 4850023                    /home/rurikari/android-studio/jre/jre/lib/amd64/libzip.so
7feb9a964000-7feb9a965000 r--p 0001a000 08:02 4850023                    /home/rurikari/android-studio/jre/jre/lib/amd64/libzip.so
7feb9a965000-7feb9a966000 rw-p 0001b000 08:02 4850023                    /home/rurikari/android-studio/jre/jre/lib/amd64/libzip.so
7feb9a966000-7feb9a971000 r-xp 00000000 08:02 14160940                   /lib/x86_64-linux-gnu/libnss_files-2.23.so
7feb9a971000-7feb9ab70000 ---p 0000b000 08:02 14160940                   /lib/x86_64-linux-gnu/libnss_files-2.23.so
7feb9ab70000-7feb9ab71000 r--p 0000a000 08:02 14160940                   /lib/x86_64-linux-gnu/libnss_files-2.23.so
7feb9ab71000-7feb9ab72000 rw-p 0000b000 08:02 14160940                   /lib/x86_64-linux-gnu/libnss_files-2.23.so
7feb9ab72000-7feb9ab78000 rw-p 00000000 00:00 0 
7feb9ab78000-7feb9ab83000 r-xp 00000000 08:02 14160951                   /lib/x86_64-linux-gnu/libnss_nis-2.23.so
7feb9ab83000-7feb9ad82000 ---p 0000b000 08:02 14160951                   /lib/x86_64-linux-gnu/libnss_nis-2.23.so
7feb9ad82000-7feb9ad83000 r--p 0000a000 08:02 14160951                   /lib/x86_64-linux-gnu/libnss_nis-2.23.so
7feb9ad83000-7feb9ad84000 rw-p 0000b000 08:02 14160951                   /lib/x86_64-linux-gnu/libnss_nis-2.23.so
7feb9ad84000-7feb9ad9a000 r-xp 00000000 08:02 14160932                   /lib/x86_64-linux-gnu/libnsl-2.23.so
7feb9ad9a000-7feb9af99000 ---p 00016000 08:02 14160932                   /lib/x86_64-linux-gnu/libnsl-2.23.so
7feb9af99000-7feb9af9a000 r--p 00015000 08:02 14160932                   /lib/x86_64-linux-gnu/libnsl-2.23.so
7feb9af9a000-7feb9af9b000 rw-p 00016000 08:02 14160932                   /lib/x86_64-linux-gnu/libnsl-2.23.so
7feb9af9b000-7feb9af9d000 rw-p 00000000 00:00 0 
7feb9af9d000-7feb9afa5000 r-xp 00000000 08:02 14160963                   /lib/x86_64-linux-gnu/libnss_compat-2.23.so
7feb9afa5000-7feb9b1a4000 ---p 00008000 08:02 14160963                   /lib/x86_64-linux-gnu/libnss_compat-2.23.so
7feb9b1a4000-7feb9b1a5000 r--p 00007000 08:02 14160963                   /lib/x86_64-linux-gnu/libnss_compat-2.23.so
7feb9b1a5000-7feb9b1a6000 rw-p 00008000 08:02 14160963                   /lib/x86_64-linux-gnu/libnss_compat-2.23.so
7feb9b1a6000-7feb9b1d3000 r-xp 00000000 08:02 4850033                    /home/rurikari/android-studio/jre/jre/lib/amd64/libjava.so
7feb9b1d3000-7feb9b3d2000 ---p 0002d000 08:02 4850033                    /home/rurikari/android-studio/jre/jre/lib/amd64/libjava.so
7feb9b3d2000-7feb9b3d3000 r--p 0002c000 08:02 4850033                    /home/rurikari/android-studio/jre/jre/lib/amd64/libjava.so
7feb9b3d3000-7feb9b3d5000 rw-p 0002d000 08:02 4850033                    /home/rurikari/android-studio/jre/jre/lib/amd64/libjava.so
7feb9b3d5000-7feb9b3e5000 r-xp 00000000 08:02 4850049                    /home/rurikari/android-studio/jre/jre/lib/amd64/libverify.so
7feb9b3e5000-7feb9b5e4000 ---p 00010000 08:02 4850049                    /home/rurikari/android-studio/jre/jre/lib/amd64/libverify.so
7feb9b5e4000-7feb9b5e6000 r--p 0000f000 08:02 4850049                    /home/rurikari/android-studio/jre/jre/lib/amd64/libverify.so
7feb9b5e6000-7feb9b5e7000 rw-p 00011000 08:02 4850049                    /home/rurikari/android-studio/jre/jre/lib/amd64/libverify.so
7feb9b5e7000-7feb9b5ee000 r-xp 00000000 08:02 14160955                   /lib/x86_64-linux-gnu/librt-2.23.so
7feb9b5ee000-7feb9b7ed000 ---p 00007000 08:02 14160955                   /lib/x86_64-linux-gnu/librt-2.23.so
7feb9b7ed000-7feb9b7ee000 r--p 00006000 08:02 14160955                   /lib/x86_64-linux-gnu/librt-2.23.so
7feb9b7ee000-7feb9b7ef000 rw-p 00007000 08:02 14160955                   /lib/x86_64-linux-gnu/librt-2.23.so
7feb9b7ef000-7feb9b8f7000 r-xp 00000000 08:02 14160973                   /lib/x86_64-linux-gnu/libm-2.23.so
7feb9b8f7000-7feb9baf6000 ---p 00108000 08:02 14160973                   /lib/x86_64-linux-gnu/libm-2.23.so
7feb9baf6000-7feb9baf7000 r--p 00107000 08:02 14160973                   /lib/x86_64-linux-gnu/libm-2.23.so
7feb9baf7000-7feb9baf8000 rw-p 00108000 08:02 14160973                   /lib/x86_64-linux-gnu/libm-2.23.so
7feb9baf8000-7feb9c6de000 r-xp 00000000 08:02 4850053                    /home/rurikari/android-studio/jre/jre/lib/amd64/server/libjvm.so
7feb9c6de000-7feb9c8de000 ---p 00be6000 08:02 4850053                    /home/rurikari/android-studio/jre/jre/lib/amd64/server/libjvm.so
7feb9c8de000-7feb9c97d000 r--p 00be6000 08:02 4850053                    /home/rurikari/android-studio/jre/jre/lib/amd64/server/libjvm.so
7feb9c97d000-7feb9c9a6000 rw-p 00c85000 08:02 4850053                    /home/rurikari/android-studio/jre/jre/lib/amd64/server/libjvm.so
7feb9c9a6000-7feb9c9e8000 rw-p 00000000 00:00 0 
7feb9c9e8000-7feb9ca00000 r-xp 00000000 08:02 14160949                   /lib/x86_64-linux-gnu/libpthread-2.23.so
7feb9ca00000-7feb9cbff000 ---p 00018000 08:02 14160949                   /lib/x86_64-linux-gnu/libpthread-2.23.so
7feb9cbff000-7feb9cc00000 r--p 00017000 08:02 14160949                   /lib/x86_64-linux-gnu/libpthread-2.23.so
7feb9cc00000-7feb9cc01000 rw-p 00018000 08:02 14160949                   /lib/x86_64-linux-gnu/libpthread-2.23.so
7feb9cc01000-7feb9cc05000 rw-p 00000000 00:00 0 
7feb9cc05000-7feb9cc08000 r-xp 00000000 08:02 14160961                   /lib/x86_64-linux-gnu/libdl-2.23.so
7feb9cc08000-7feb9ce07000 ---p 00003000 08:02 14160961                   /lib/x86_64-linux-gnu/libdl-2.23.so
7feb9ce07000-7feb9ce08000 r--p 00002000 08:02 14160961                   /lib/x86_64-linux-gnu/libdl-2.23.so
7feb9ce08000-7feb9ce09000 rw-p 00003000 08:02 14160961                   /lib/x86_64-linux-gnu/libdl-2.23.so
7feb9ce09000-7feb9cfc9000 r-xp 00000000 08:02 14160980                   /lib/x86_64-linux-gnu/libc-2.23.so
7feb9cfc9000-7feb9d1c9000 ---p 001c0000 08:02 14160980                   /lib/x86_64-linux-gnu/libc-2.23.so
7feb9d1c9000-7feb9d1cd000 r--p 001c0000 08:02 14160980                   /lib/x86_64-linux-gnu/libc-2.23.so
7feb9d1cd000-7feb9d1cf000 rw-p 001c4000 08:02 14160980                   /lib/x86_64-linux-gnu/libc-2.23.so
7feb9d1cf000-7feb9d1d3000 rw-p 00000000 00:00 0 
7feb9d1d3000-7feb9d1e9000 r-xp 00000000 08:02 4849913                    /home/rurikari/android-studio/jre/lib/amd64/jli/libjli.so
7feb9d1e9000-7feb9d3e8000 ---p 00016000 08:02 4849913                    /home/rurikari/android-studio/jre/lib/amd64/jli/libjli.so
7feb9d3e8000-7feb9d3e9000 r--p 00015000 08:02 4849913                    /home/rurikari/android-studio/jre/lib/amd64/jli/libjli.so
7feb9d3e9000-7feb9d3ea000 rw-p 00016000 08:02 4849913                    /home/rurikari/android-studio/jre/lib/amd64/jli/libjli.so
7feb9d3ea000-7feb9d410000 r-xp 00000000 08:02 14160934                   /lib/x86_64-linux-gnu/ld-2.23.so
7feb9d410000-7feb9d411000 r--s 00002000 08:02 6556263                    /home/rurikari/.gradle/wrapper/dists/gradle-2.14.1-all/8bnwg5hd3w55iofp58khbp6yv/gradle-2.14.1/lib/native-platform-osx-i386-0.10.jar
7feb9d411000-7feb9d413000 r--s 00007000 08:02 6556240                    /home/rurikari/.gradle/wrapper/dists/gradle-2.14.1-all/8bnwg5hd3w55iofp58khbp6yv/gradle-2.14.1/lib/gradle-model-groovy-2.14.1.jar
7feb9d413000-7feb9d414000 r--s 00006000 08:02 6556247                    /home/rurikari/.gradle/wrapper/dists/gradle-2.14.1-all/8bnwg5hd3w55iofp58khbp6yv/gradle-2.14.1/lib/gradle-base-services-groovy-2.14.1.jar
7feb9d414000-7feb9d415000 r--s 00002000 08:02 6556251                    /home/rurikari/.gradle/wrapper/dists/gradle-2.14.1-all/8bnwg5hd3w55iofp58khbp6yv/gradle-2.14.1/lib/gradle-docs-2.14.1.jar
7feb9d415000-7feb9d416000 r--s 00000000 08:02 6556246                    /home/rurikari/.gradle/wrapper/dists/gradle-2.14.1-all/8bnwg5hd3w55iofp58khbp6yv/gradle-2.14.1/lib/javax.inject-1.jar
7feb9d416000-7feb9d41a000 r--s 00027000 08:02 6556244                    /home/rurikari/.gradle/wrapper/dists/gradle-2.14.1-all/8bnwg5hd3w55iofp58khbp6yv/gradle-2.14.1/lib/commons-io-2.2.jar
7feb9d41a000-7feb9d41f000 r--s 00038000 08:02 6556241                    /home/rurikari/.gradle/wrapper/dists/gradle-2.14.1-all/8bnwg5hd3w55iofp58khbp6yv/gradle-2.14.1/lib/asm-all-5.1.jar
7feb9d41f000-7feb9d4e1000 rw-p 00000000 00:00 0 
7feb9d4e1000-7feb9d4e4000 ---p 00000000 00:00 0 
7feb9d4e4000-7feb9d5e6000 rw-p 00000000 00:00 0 
7feb9d5e6000-7feb9d5e7000 r--s 00000000 08:02 6556245                    /home/rurikari/.gradle/wrapper/dists/gradle-2.14.1-all/8bnwg5hd3w55iofp58khbp6yv/gradle-2.14.1/lib/jcip-annotations-1.0.jar
7feb9d5e7000-7feb9d5e8000 r--s 00001000 08:02 6556237                    /home/rurikari/.gradle/wrapper/dists/gradle-2.14.1-all/8bnwg5hd3w55iofp58khbp6yv/gradle-2.14.1/lib/gradle-process-services-2.14.1.jar
7feb9d5e8000-7feb9d5e9000 r--s 00000000 08:02 6556228                    /home/rurikari/.gradle/wrapper/dists/gradle-2.14.1-all/8bnwg5hd3w55iofp58khbp6yv/gradle-2.14.1/lib/gradle-jvm-services-2.14.1.jar
7feb9d5e9000-7feb9d5ee000 r--s 00041000 08:02 6556236                    /home/rurikari/.gradle/wrapper/dists/gradle-2.14.1-all/8bnwg5hd3w55iofp58khbp6yv/gradle-2.14.1/lib/commons-lang-2.6.jar
7feb9d5ee000-7feb9d5ef000 r--s 00007000 08:02 6556234                    /home/rurikari/.gradle/wrapper/dists/gradle-2.14.1-all/8bnwg5hd3w55iofp58khbp6yv/gradle-2.14.1/lib/slf4j-api-1.7.10.jar
7feb9d5ef000-7feb9d5f0000 r--s 00004000 08:02 6556258                    /home/rurikari/.gradle/wrapper/dists/gradle-2.14.1-all/8bnwg5hd3w55iofp58khbp6yv/gradle-2.14.1/lib/ant-launcher-1.9.6.jar
7feb9d5f0000-7feb9d5f8000 r--s 0003a000 08:02 6556227                    /home/rurikari/.gradle/wrapper/dists/gradle-2.14.1-all/8bnwg5hd3w55iofp58khbp6yv/gradle-2.14.1/lib/gradle-base-services-2.14.1.jar
7feb9d5f8000-7feb9d603000 r--s 00051000 08:02 6556224                    /home/rurikari/.gradle/wrapper/dists/gradle-2.14.1-all/8bnwg5hd3w55iofp58khbp6yv/gradle-2.14.1/lib/gradle-launcher-2.14.1.jar
7feb9d603000-7feb9d60b000 rw-s 00000000 08:02 12330396                   /tmp/hsperfdata_rurikari/12106
7feb9d60b000-7feb9d60c000 rw-p 00000000 00:00 0 
7feb9d60c000-7feb9d60d000 ---p 00000000 00:00 0 
7feb9d60d000-7feb9d60f000 rw-p 00000000 00:00 0 
7feb9d60f000-7feb9d610000 r--p 00025000 08:02 14160934                   /lib/x86_64-linux-gnu/ld-2.23.so
7feb9d610000-7feb9d611000 rw-p 00026000 08:02 14160934                   /lib/x86_64-linux-gnu/ld-2.23.so
7feb9d611000-7feb9d612000 rw-p 00000000 00:00 0 
7ffda08d7000-7ffda08f9000 rw-p 00000000 00:00 0                          [stack]
7ffda0998000-7ffda099a000 r--p 00000000 00:00 0                          [vvar]
7ffda099a000-7ffda099c000 r-xp 00000000 00:00 0                          [vdso]
ffffffffff600000-ffffffffff601000 r-xp 00000000 00:00 0                  [vsyscall]

VM Arguments:
jvm_args: -Xmx1536m -Dfile.encoding=UTF-8 -Duser.country=CA -Duser.language=en -Duser.variant 
java_command: org.gradle.launcher.daemon.bootstrap.GradleDaemon 2.14.1
java_class_path (initial): /home/rurikari/.gradle/wrapper/dists/gradle-2.14.1-all/8bnwg5hd3w55iofp58khbp6yv/gradle-2.14.1/lib/gradle-launcher-2.14.1.jar
Launcher Type: SUN_STANDARD

Environment Variables:
JAVA_HOME=/usr/lib/jvm/java-8-oracle
PATH=/home/rurikari/bin:/home/rurikari/.local/bin:/usr/local/sbin:/usr/local/bin:/usr/sbin:/usr/bin:/sbin:/bin:/usr/games:/usr/local/games:/snap/bin:/usr/lib/jvm/java-8-oracle/bin:/usr/lib/jvm/java-8-oracle/db/bin:/usr/lib/jvm/java-8-oracle/jre/bin:/Elm-Platform/0.17/.cabal-sandbox/bin
LD_LIBRARY_PATH=.:
SHELL=/bin/bash
DISPLAY=:0

Signal Handlers:
SIGSEGV: [libjvm.so+0x9daac0], sa_mask[0]=11111111011111111101111111111110, sa_flags=SA_RESTART|SA_SIGINFO
SIGBUS: [libjvm.so+0x9daac0], sa_mask[0]=11111111011111111101111111111110, sa_flags=SA_RESTART|SA_SIGINFO
SIGFPE: [libjvm.so+0x840d90], sa_mask[0]=11111111011111111101111111111110, sa_flags=SA_RESTART|SA_SIGINFO
SIGPIPE: [libjvm.so+0x840d90], sa_mask[0]=11111111011111111101111111111110, sa_flags=SA_RESTART|SA_SIGINFO
SIGXFSZ: [libjvm.so+0x840d90], sa_mask[0]=11111111011111111101111111111110, sa_flags=SA_RESTART|SA_SIGINFO
SIGILL: [libjvm.so+0x840d90], sa_mask[0]=11111111011111111101111111111110, sa_flags=SA_RESTART|SA_SIGINFO
SIGUSR1: SIG_DFL, sa_mask[0]=00000000000000000000000000000000, sa_flags=none
SIGUSR2: [libjvm.so+0x840c60], sa_mask[0]=00100000000000000000000000000000, sa_flags=SA_RESTART|SA_SIGINFO
SIGHUP: [libjvm.so+0x840e50], sa_mask[0]=11111111011111111101111111111110, sa_flags=SA_RESTART|SA_SIGINFO
SIGINT: [libjvm.so+0x840e50], sa_mask[0]=11111111011111111101111111111110, sa_flags=SA_RESTART|SA_SIGINFO
SIGTERM: [libjvm.so+0x840e50], sa_mask[0]=11111111011111111101111111111110, sa_flags=SA_RESTART|SA_SIGINFO
SIGQUIT: [libjvm.so+0x840e50], sa_mask[0]=11111111011111111101111111111110, sa_flags=SA_RESTART|SA_SIGINFO


---------------  S Y S T E M  ---------------

OS:DISTRIB_ID=Ubuntu
DISTRIB_RELEASE=16.04
DISTRIB_CODENAME=xenial
DISTRIB_DESCRIPTION="Ubuntu 16.04.3 LTS"

uname:Linux 4.4.0-97-generic #120-Ubuntu SMP Tue Sep 19 17:28:18 UTC 2017 x86_64
libc:glibc 2.23 NPTL 2.23 
rlimit: STACK 8192k, CORE 0k, NPROC 14636, NOFILE 1048576, AS infinity
load average:22.63 10.64 5.68

/proc/meminfo:
MemTotal:        3860632 kB
MemFree:           86196 kB
MemAvailable:      11584 kB
Buffers:             424 kB
Cached:           448696 kB
SwapCached:          968 kB
Active:          2679420 kB
Inactive:         820980 kB
Active(anon):    2659740 kB
Inactive(anon):   800880 kB
Active(file):      19680 kB
Inactive(file):    20100 kB
Unevictable:         592 kB
Mlocked:             592 kB
SwapTotal:       4008956 kB
SwapFree:              0 kB
Dirty:                44 kB
Writeback:             0 kB
AnonPages:       3052452 kB
Mapped:            34272 kB
Shmem:            408188 kB
Slab:             113904 kB
SReclaimable:      46808 kB
SUnreclaim:        67096 kB
KernelStack:       16288 kB
PageTables:        76236 kB
NFS_Unstable:          0 kB
Bounce:                0 kB
WritebackTmp:          0 kB
CommitLimit:     5939272 kB
Committed_AS:   15301240 kB
VmallocTotal:   34359738367 kB
VmallocUsed:           0 kB
VmallocChunk:          0 kB
HardwareCorrupted:     0 kB
AnonHugePages:   1054720 kB
CmaTotal:              0 kB
CmaFree:               0 kB
HugePages_Total:       0
HugePages_Free:        0
HugePages_Rsvd:        0
HugePages_Surp:        0
Hugepagesize:       2048 kB
DirectMap4k:      216372 kB
DirectMap2M:     3792896 kB


CPU:total 4 (2 cores per cpu, 2 threads per core) family 6 model 58 stepping 9, cmov, cx8, fxsr, mmx, sse, sse2, sse3, ssse3, sse4.1, sse4.2, popcnt, avx, aes, clmul, erms, ht, tsc, tscinvbit, tscinv

/proc/cpuinfo:
processor	: 0
vendor_id	: GenuineIntel
cpu family	: 6
model		: 58
model name	: Intel(R) Core(TM) i5-3427U CPU @ 1.80GHz
stepping	: 9
microcode	: 0x1c
cpu MHz		: 2599.988
cache size	: 3072 KB
physical id	: 0
siblings	: 4
core id		: 0
cpu cores	: 2
apicid		: 0
initial apicid	: 0
fpu		: yes
fpu_exception	: yes
cpuid level	: 13
wp		: yes
flags		: fpu vme de pse tsc msr pae mce cx8 apic sep mtrr pge mca cmov pat pse36 clflush dts acpi mmx fxsr sse sse2 ss ht tm pbe syscall nx rdtscp lm constant_tsc arch_perfmon pebs bts rep_good nopl xtopology nonstop_tsc aperfmperf eagerfpu pni pclmulqdq dtes64 monitor ds_cpl vmx smx est tm2 ssse3 cx16 xtpr pdcm pcid sse4_1 sse4_2 x2apic popcnt tsc_deadline_timer aes xsave avx f16c rdrand lahf_lm epb tpr_shadow vnmi flexpriority ept vpid fsgsbase smep erms xsaveopt dtherm ida arat pln pts
bugs		:
bogomips	: 4589.38
clflush size	: 64
cache_alignment	: 64
address sizes	: 36 bits physical, 48 bits virtual
power management:

processor	: 1
vendor_id	: GenuineIntel
cpu family	: 6
model		: 58
model name	: Intel(R) Core(TM) i5-3427U CPU @ 1.80GHz
stepping	: 9
microcode	: 0x1c
cpu MHz		: 2599.988
cache size	: 3072 KB
physical id	: 0
siblings	: 4
core id		: 0
cpu cores	: 2
apicid		: 1
initial apicid	: 1
fpu		: yes
fpu_exception	: yes
cpuid level	: 13
wp		: yes
flags		: fpu vme de pse tsc msr pae mce cx8 apic sep mtrr pge mca cmov pat pse36 clflush dts acpi mmx fxsr sse sse2 ss ht tm pbe syscall nx rdtscp lm constant_tsc arch_perfmon pebs bts rep_good nopl xtopology nonstop_tsc aperfmperf eagerfpu pni pclmulqdq dtes64 monitor ds_cpl vmx smx est tm2 ssse3 cx16 xtpr pdcm pcid sse4_1 sse4_2 x2apic popcnt tsc_deadline_timer aes xsave avx f16c rdrand lahf_lm epb tpr_shadow vnmi flexpriority ept vpid fsgsbase smep erms xsaveopt dtherm ida arat pln pts
bugs		:
bogomips	: 4589.38
clflush size	: 64
cache_alignment	: 64
address sizes	: 36 bits physical, 48 bits virtual
power management:

processor	: 2
vendor_id	: GenuineIntel
cpu family	: 6
model		: 58
model name	: Intel(R) Core(TM) i5-3427U CPU @ 1.80GHz
stepping	: 9
microcode	: 0x1c
cpu MHz		: 2599.988
cache size	: 3072 KB
physical id	: 0
siblings	: 4
core id		: 1
cpu cores	: 2
apicid		: 2
initial apicid	: 2
fpu		: yes
fpu_exception	: yes
cpuid level	: 13
wp		: yes
flags		: fpu vme de pse tsc msr pae mce cx8 apic sep mtrr pge mca cmov pat pse36 clflush dts acpi mmx fxsr sse sse2 ss ht tm pbe syscall nx rdtscp lm constant_tsc arch_perfmon pebs bts rep_good nopl xtopology nonstop_tsc aperfmperf eagerfpu pni pclmulqdq dtes64 monitor ds_cpl vmx smx est tm2 ssse3 cx16 xtpr pdcm pcid sse4_1 sse4_2 x2apic popcnt tsc_deadline_timer aes xsave avx f16c rdrand lahf_lm epb tpr_shadow vnmi flexpriority ept vpid fsgsbase smep erms xsaveopt dtherm ida arat pln pts
bugs		:
bogomips	: 4589.38
clflush size	: 64
cache_alignment	: 64
address sizes	: 36 bits physical, 48 bits virtual
power management:

processor	: 3
vendor_id	: GenuineIntel
cpu family	: 6
model		: 58
model name	: Intel(R) Core(TM) i5-3427U CPU @ 1.80GHz
stepping	: 9
microcode	: 0x1c
cpu MHz		: 2599.988
cache size	: 3072 KB
physical id	: 0
siblings	: 4
core id		: 1
cpu cores	: 2
apicid		: 3
initial apicid	: 3
fpu		: yes
fpu_exception	: yes
cpuid level	: 13
wp		: yes
flags		: fpu vme de pse tsc msr pae mce cx8 apic sep mtrr pge mca cmov pat pse36 clflush dts acpi mmx fxsr sse sse2 ss ht tm pbe syscall nx rdtscp lm constant_tsc arch_perfmon pebs bts rep_good nopl xtopology nonstop_tsc aperfmperf eagerfpu pni pclmulqdq dtes64 monitor ds_cpl vmx smx est tm2 ssse3 cx16 xtpr pdcm pcid sse4_1 sse4_2 x2apic popcnt tsc_deadline_timer aes xsave avx f16c rdrand lahf_lm epb tpr_shadow vnmi flexpriority ept vpid fsgsbase smep erms xsaveopt dtherm ida arat pln pts
bugs		:
bogomips	: 4589.38
clflush size	: 64
cache_alignment	: 64
address sizes	: 36 bits physical, 48 bits virtual
power management:



Memory: 4k page, physical 3860632k(87636k free), swap 4008956k(4k free)

vm_info: OpenJDK 64-Bit Server VM (25.76-b03) for linux-amd64 JRE (1.8.0_76-release-b03), built on Jun 29 2016 09:39:19 by "builder" with gcc 4.8.4

time: Sun Oct 22 09:57:05 2017
elapsed time: 72 seconds (0d 0h 1m 12s)

